{"C:\\Users\\Nontprawitch\\Desktop\\Vs code\\Javascript\\Book_University\\server\\src\\config\\DB.config.js": {"path":"C:\\Users\\Nontprawitch\\Desktop\\Vs code\\Javascript\\Book_University\\server\\src\\config\\DB.config.js","statementMap":{"0":{"start":{"line":5,"column":0},"end":{"line":5,"column":16}},"1":{"start":{"line":7,"column":15},"end":{"line":7,"column":42}},"2":{"start":{"line":8,"column":15},"end":{"line":8,"column":48}},"3":{"start":{"line":9,"column":15},"end":{"line":9,"column":42}},"4":{"start":{"line":10,"column":19},"end":{"line":10,"column":42}},"5":{"start":{"line":11,"column":15},"end":{"line":11,"column":42}},"6":{"start":{"line":13,"column":13},"end":{"line":25,"column":2}}},"fnMap":{},"branchMap":{},"s":{"0":8,"1":8,"2":8,"3":8,"4":8,"5":8,"6":8},"f":{},"b":{},"_coverageSchema":"1a1c01bbd47fc00a2c39e90264f33305004495a9","hash":"5af85f7af0913ea314ee2f87d263b7da3fb8ef06"}
,"C:\\Users\\Nontprawitch\\Desktop\\Vs code\\Javascript\\Book_University\\server\\src\\controllers\\admin.controller.js": {"path":"C:\\Users\\Nontprawitch\\Desktop\\Vs code\\Javascript\\Book_University\\server\\src\\controllers\\admin.controller.js","statementMap":{"0":{"start":{"line":3,"column":36},"end":{"line":18,"column":1}},"1":{"start":{"line":4,"column":4},"end":{"line":17,"column":5}},"2":{"start":{"line":5,"column":22},"end":{"line":5,"column":62}},"3":{"start":{"line":6,"column":8},"end":{"line":6,"column":53}},"4":{"start":{"line":8,"column":8},"end":{"line":11,"column":11}},"5":{"start":{"line":13,"column":8},"end":{"line":13,"column":80}},"6":{"start":{"line":14,"column":8},"end":{"line":16,"column":11}},"7":{"start":{"line":20,"column":33},"end":{"line":34,"column":1}},"8":{"start":{"line":21,"column":4},"end":{"line":33,"column":5}},"9":{"start":{"line":22,"column":30},"end":{"line":22,"column":67}},"10":{"start":{"line":24,"column":8},"end":{"line":27,"column":11}},"11":{"start":{"line":29,"column":8},"end":{"line":29,"column":71}},"12":{"start":{"line":30,"column":8},"end":{"line":32,"column":11}},"13":{"start":{"line":36,"column":31},"end":{"line":53,"column":1}},"14":{"start":{"line":37,"column":4},"end":{"line":52,"column":5}},"15":{"start":{"line":38,"column":23},"end":{"line":38,"column":33}},"16":{"start":{"line":40,"column":23},"end":{"line":40,"column":65}},"17":{"start":{"line":42,"column":8},"end":{"line":46,"column":11}},"18":{"start":{"line":48,"column":8},"end":{"line":48,"column":82}},"19":{"start":{"line":49,"column":8},"end":{"line":51,"column":11}},"20":{"start":{"line":55,"column":34},"end":{"line":89,"column":1}},"21":{"start":{"line":56,"column":4},"end":{"line":88,"column":5}},"22":{"start":{"line":57,"column":23},"end":{"line":57,"column":33}},"23":{"start":{"line":58,"column":27},"end":{"line":58,"column":35}},"24":{"start":{"line":59,"column":43},"end":{"line":59,"column":51}},"25":{"start":{"line":61,"column":8},"end":{"line":61,"column":48}},"26":{"start":{"line":63,"column":30},"end":{"line":63,"column":102}},"27":{"start":{"line":65,"column":8},"end":{"line":65,"column":66}},"28":{"start":{"line":67,"column":8},"end":{"line":77,"column":9}},"29":{"start":{"line":68,"column":12},"end":{"line":71,"column":15}},"30":{"start":{"line":72,"column":15},"end":{"line":77,"column":9}},"31":{"start":{"line":73,"column":12},"end":{"line":76,"column":15}},"32":{"start":{"line":79,"column":8},"end":{"line":82,"column":11}},"33":{"start":{"line":84,"column":8},"end":{"line":84,"column":85}},"34":{"start":{"line":85,"column":8},"end":{"line":87,"column":11}},"35":{"start":{"line":91,"column":32},"end":{"line":106,"column":1}},"36":{"start":{"line":92,"column":4},"end":{"line":105,"column":5}},"37":{"start":{"line":93,"column":23},"end":{"line":93,"column":36}},"38":{"start":{"line":94,"column":23},"end":{"line":94,"column":66}},"39":{"start":{"line":96,"column":8},"end":{"line":99,"column":11}},"40":{"start":{"line":101,"column":8},"end":{"line":101,"column":77}},"41":{"start":{"line":102,"column":8},"end":{"line":104,"column":11}}},"fnMap":{"0":{"name":"(anonymous_0)","decl":{"start":{"line":3,"column":36},"end":{"line":3,"column":37}},"loc":{"start":{"line":3,"column":55},"end":{"line":18,"column":1}},"line":3},"1":{"name":"(anonymous_1)","decl":{"start":{"line":20,"column":33},"end":{"line":20,"column":34}},"loc":{"start":{"line":20,"column":52},"end":{"line":34,"column":1}},"line":20},"2":{"name":"(anonymous_2)","decl":{"start":{"line":36,"column":31},"end":{"line":36,"column":32}},"loc":{"start":{"line":36,"column":50},"end":{"line":53,"column":1}},"line":36},"3":{"name":"(anonymous_3)","decl":{"start":{"line":55,"column":34},"end":{"line":55,"column":35}},"loc":{"start":{"line":55,"column":53},"end":{"line":89,"column":1}},"line":55},"4":{"name":"(anonymous_4)","decl":{"start":{"line":91,"column":32},"end":{"line":91,"column":33}},"loc":{"start":{"line":91,"column":51},"end":{"line":106,"column":1}},"line":91}},"branchMap":{"0":{"loc":{"start":{"line":15,"column":19},"end":{"line":15,"column":58}},"type":"binary-expr","locations":[{"start":{"line":15,"column":19},"end":{"line":15,"column":32}},{"start":{"line":15,"column":36},"end":{"line":15,"column":58}}],"line":15},"1":{"loc":{"start":{"line":50,"column":19},"end":{"line":50,"column":66}},"type":"binary-expr","locations":[{"start":{"line":50,"column":19},"end":{"line":50,"column":32}},{"start":{"line":50,"column":36},"end":{"line":50,"column":66}}],"line":50},"2":{"loc":{"start":{"line":67,"column":8},"end":{"line":77,"column":9}},"type":"if","locations":[{"start":{"line":67,"column":8},"end":{"line":77,"column":9}},{"start":{"line":72,"column":15},"end":{"line":77,"column":9}}],"line":67},"3":{"loc":{"start":{"line":70,"column":31},"end":{"line":70,"column":57}},"type":"binary-expr","locations":[{"start":{"line":70,"column":31},"end":{"line":70,"column":44}},{"start":{"line":70,"column":48},"end":{"line":70,"column":57}}],"line":70},"4":{"loc":{"start":{"line":72,"column":15},"end":{"line":77,"column":9}},"type":"if","locations":[{"start":{"line":72,"column":15},"end":{"line":77,"column":9}},{"start":{},"end":{}}],"line":72},"5":{"loc":{"start":{"line":75,"column":31},"end":{"line":75,"column":57}},"type":"binary-expr","locations":[{"start":{"line":75,"column":31},"end":{"line":75,"column":44}},{"start":{"line":75,"column":48},"end":{"line":75,"column":57}}],"line":75},"6":{"loc":{"start":{"line":81,"column":27},"end":{"line":81,"column":53}},"type":"binary-expr","locations":[{"start":{"line":81,"column":27},"end":{"line":81,"column":40}},{"start":{"line":81,"column":44},"end":{"line":81,"column":53}}],"line":81},"7":{"loc":{"start":{"line":103,"column":19},"end":{"line":103,"column":64}},"type":"binary-expr","locations":[{"start":{"line":103,"column":19},"end":{"line":103,"column":32}},{"start":{"line":103,"column":36},"end":{"line":103,"column":64}}],"line":103}},"s":{"0":1,"1":1,"2":1,"3":1,"4":1,"5":0,"6":0,"7":1,"8":1,"9":1,"10":1,"11":0,"12":0,"13":1,"14":1,"15":1,"16":1,"17":0,"18":1,"19":1,"20":1,"21":0,"22":0,"23":0,"24":0,"25":0,"26":0,"27":0,"28":0,"29":0,"30":0,"31":0,"32":0,"33":0,"34":0,"35":1,"36":0,"37":0,"38":0,"39":0,"40":0,"41":0},"f":{"0":1,"1":1,"2":1,"3":0,"4":0},"b":{"0":[0,0],"1":[1,0],"2":[0,0],"3":[0,0],"4":[0,0],"5":[0,0],"6":[0,0],"7":[0,0]},"_coverageSchema":"1a1c01bbd47fc00a2c39e90264f33305004495a9","hash":"a645502a7f0b20d12418b68006235cc0c869231d"}
,"C:\\Users\\Nontprawitch\\Desktop\\Vs code\\Javascript\\Book_University\\server\\src\\controllers\\cart.controller.js": {"path":"C:\\Users\\Nontprawitch\\Desktop\\Vs code\\Javascript\\Book_University\\server\\src\\controllers\\cart.controller.js","statementMap":{"0":{"start":{"line":3,"column":25},"end":{"line":18,"column":1}},"1":{"start":{"line":4,"column":4},"end":{"line":17,"column":5}},"2":{"start":{"line":5,"column":23},"end":{"line":5,"column":35}},"3":{"start":{"line":6,"column":23},"end":{"line":6,"column":36}},"4":{"start":{"line":8,"column":23},"end":{"line":8,"column":70}},"5":{"start":{"line":10,"column":8},"end":{"line":10,"column":44}},"6":{"start":{"line":12,"column":8},"end":{"line":12,"column":72}},"7":{"start":{"line":13,"column":27},"end":{"line":13,"column":95}},"8":{"start":{"line":14,"column":8},"end":{"line":16,"column":11}},"9":{"start":{"line":20,"column":32},"end":{"line":42,"column":1}},"10":{"start":{"line":21,"column":4},"end":{"line":41,"column":5}},"11":{"start":{"line":22,"column":23},"end":{"line":22,"column":35}},"12":{"start":{"line":23,"column":22},"end":{"line":23,"column":60}},"13":{"start":{"line":25,"column":8},"end":{"line":30,"column":9}},"14":{"start":{"line":26,"column":12},"end":{"line":29,"column":15}},"15":{"start":{"line":32,"column":8},"end":{"line":35,"column":11}},"16":{"start":{"line":37,"column":8},"end":{"line":37,"column":79}},"17":{"start":{"line":38,"column":8},"end":{"line":40,"column":11}},"18":{"start":{"line":44,"column":30},"end":{"line":61,"column":1}},"19":{"start":{"line":45,"column":22},"end":{"line":45,"column":30}},"20":{"start":{"line":47,"column":4},"end":{"line":49,"column":5}},"21":{"start":{"line":48,"column":8},"end":{"line":48,"column":85}},"22":{"start":{"line":51,"column":4},"end":{"line":60,"column":5}},"23":{"start":{"line":52,"column":23},"end":{"line":52,"column":64}},"24":{"start":{"line":53,"column":8},"end":{"line":53,"column":37}},"25":{"start":{"line":55,"column":8},"end":{"line":55,"column":77}},"26":{"start":{"line":56,"column":27},"end":{"line":56,"column":78}},"27":{"start":{"line":57,"column":8},"end":{"line":59,"column":11}}},"fnMap":{"0":{"name":"(anonymous_0)","decl":{"start":{"line":3,"column":25},"end":{"line":3,"column":26}},"loc":{"start":{"line":3,"column":44},"end":{"line":18,"column":1}},"line":3},"1":{"name":"(anonymous_1)","decl":{"start":{"line":20,"column":32},"end":{"line":20,"column":33}},"loc":{"start":{"line":20,"column":51},"end":{"line":42,"column":1}},"line":20},"2":{"name":"(anonymous_2)","decl":{"start":{"line":44,"column":30},"end":{"line":44,"column":31}},"loc":{"start":{"line":44,"column":49},"end":{"line":61,"column":1}},"line":44}},"branchMap":{"0":{"loc":{"start":{"line":13,"column":27},"end":{"line":13,"column":95}},"type":"cond-expr","locations":[{"start":{"line":13,"column":86},"end":{"line":13,"column":89}},{"start":{"line":13,"column":92},"end":{"line":13,"column":95}}],"line":13},"1":{"loc":{"start":{"line":15,"column":19},"end":{"line":15,"column":58}},"type":"binary-expr","locations":[{"start":{"line":15,"column":19},"end":{"line":15,"column":32}},{"start":{"line":15,"column":36},"end":{"line":15,"column":58}}],"line":15},"2":{"loc":{"start":{"line":25,"column":8},"end":{"line":30,"column":9}},"type":"if","locations":[{"start":{"line":25,"column":8},"end":{"line":30,"column":9}},{"start":{},"end":{}}],"line":25},"3":{"loc":{"start":{"line":39,"column":19},"end":{"line":39,"column":58}},"type":"binary-expr","locations":[{"start":{"line":39,"column":19},"end":{"line":39,"column":32}},{"start":{"line":39,"column":36},"end":{"line":39,"column":58}}],"line":39},"4":{"loc":{"start":{"line":47,"column":4},"end":{"line":49,"column":5}},"type":"if","locations":[{"start":{"line":47,"column":4},"end":{"line":49,"column":5}},{"start":{},"end":{}}],"line":47},"5":{"loc":{"start":{"line":47,"column":7},"end":{"line":47,"column":39}},"type":"binary-expr","locations":[{"start":{"line":47,"column":7},"end":{"line":47,"column":15}},{"start":{"line":47,"column":19},"end":{"line":47,"column":39}}],"line":47},"6":{"loc":{"start":{"line":56,"column":27},"end":{"line":56,"column":78}},"type":"cond-expr","locations":[{"start":{"line":56,"column":69},"end":{"line":56,"column":72}},{"start":{"line":56,"column":75},"end":{"line":56,"column":78}}],"line":56},"7":{"loc":{"start":{"line":58,"column":19},"end":{"line":58,"column":60}},"type":"binary-expr","locations":[{"start":{"line":58,"column":19},"end":{"line":58,"column":32}},{"start":{"line":58,"column":36},"end":{"line":58,"column":60}}],"line":58}},"s":{"0":1,"1":0,"2":0,"3":0,"4":0,"5":0,"6":0,"7":0,"8":0,"9":1,"10":1,"11":1,"12":1,"13":1,"14":1,"15":0,"16":0,"17":0,"18":1,"19":0,"20":0,"21":0,"22":0,"23":0,"24":0,"25":0,"26":0,"27":0},"f":{"0":0,"1":1,"2":0},"b":{"0":[0,0],"1":[0,0],"2":[1,0],"3":[0,0],"4":[0,0],"5":[0,0],"6":[0,0],"7":[0,0]},"_coverageSchema":"1a1c01bbd47fc00a2c39e90264f33305004495a9","hash":"bcc7a673aa2bf65bab20ca93bf18c96b9440ed3a"}
,"C:\\Users\\Nontprawitch\\Desktop\\Vs code\\Javascript\\Book_University\\server\\src\\controllers\\homepage.controller.js": {"path":"C:\\Users\\Nontprawitch\\Desktop\\Vs code\\Javascript\\Book_University\\server\\src\\controllers\\homepage.controller.js","statementMap":{"0":{"start":{"line":3,"column":24},"end":{"line":8,"column":1}},"1":{"start":{"line":4,"column":4},"end":{"line":7,"column":7}},"2":{"start":{"line":11,"column":27},"end":{"line":27,"column":1}},"3":{"start":{"line":12,"column":4},"end":{"line":26,"column":5}},"4":{"start":{"line":13,"column":33},"end":{"line":13,"column":71}},"5":{"start":{"line":15,"column":8},"end":{"line":18,"column":11}},"6":{"start":{"line":20,"column":8},"end":{"line":20,"column":72}},"7":{"start":{"line":21,"column":8},"end":{"line":25,"column":9}},"8":{"start":{"line":22,"column":12},"end":{"line":24,"column":15}},"9":{"start":{"line":30,"column":25},"end":{"line":49,"column":1}},"10":{"start":{"line":31,"column":4},"end":{"line":48,"column":5}},"11":{"start":{"line":32,"column":23},"end":{"line":32,"column":35}},"12":{"start":{"line":33,"column":22},"end":{"line":33,"column":82}},"13":{"start":{"line":35,"column":8},"end":{"line":37,"column":9}},"14":{"start":{"line":36,"column":12},"end":{"line":36,"column":72}},"15":{"start":{"line":39,"column":8},"end":{"line":42,"column":11}},"16":{"start":{"line":44,"column":8},"end":{"line":44,"column":59}},"17":{"start":{"line":45,"column":8},"end":{"line":47,"column":11}},"18":{"start":{"line":52,"column":36},"end":{"line":67,"column":1}},"19":{"start":{"line":53,"column":4},"end":{"line":66,"column":5}},"20":{"start":{"line":54,"column":22},"end":{"line":54,"column":65}},"21":{"start":{"line":55,"column":8},"end":{"line":55,"column":53}},"22":{"start":{"line":57,"column":8},"end":{"line":60,"column":11}},"23":{"start":{"line":62,"column":8},"end":{"line":62,"column":80}},"24":{"start":{"line":63,"column":8},"end":{"line":65,"column":11}},"25":{"start":{"line":70,"column":30},"end":{"line":86,"column":1}},"26":{"start":{"line":71,"column":19},"end":{"line":71,"column":32}},"27":{"start":{"line":73,"column":4},"end":{"line":85,"column":5}},"28":{"start":{"line":74,"column":23},"end":{"line":74,"column":67}},"29":{"start":{"line":76,"column":8},"end":{"line":79,"column":11}},"30":{"start":{"line":81,"column":8},"end":{"line":81,"column":66}},"31":{"start":{"line":82,"column":8},"end":{"line":84,"column":11}},"32":{"start":{"line":89,"column":29},"end":{"line":108,"column":1}},"33":{"start":{"line":90,"column":4},"end":{"line":107,"column":5}},"34":{"start":{"line":91,"column":23},"end":{"line":91,"column":35}},"35":{"start":{"line":92,"column":22},"end":{"line":92,"column":64}},"36":{"start":{"line":94,"column":8},"end":{"line":96,"column":9}},"37":{"start":{"line":95,"column":12},"end":{"line":95,"column":72}},"38":{"start":{"line":98,"column":8},"end":{"line":101,"column":11}},"39":{"start":{"line":103,"column":8},"end":{"line":103,"column":74}},"40":{"start":{"line":104,"column":8},"end":{"line":106,"column":11}},"41":{"start":{"line":111,"column":30},"end":{"line":130,"column":1}},"42":{"start":{"line":112,"column":4},"end":{"line":129,"column":5}},"43":{"start":{"line":113,"column":23},"end":{"line":113,"column":36}},"44":{"start":{"line":114,"column":21},"end":{"line":114,"column":62}},"45":{"start":{"line":116,"column":8},"end":{"line":118,"column":9}},"46":{"start":{"line":117,"column":12},"end":{"line":117,"column":72}},"47":{"start":{"line":120,"column":8},"end":{"line":123,"column":11}},"48":{"start":{"line":125,"column":8},"end":{"line":125,"column":75}},"49":{"start":{"line":126,"column":8},"end":{"line":128,"column":11}},"50":{"start":{"line":133,"column":27},"end":{"line":148,"column":1}},"51":{"start":{"line":134,"column":4},"end":{"line":147,"column":5}},"52":{"start":{"line":135,"column":23},"end":{"line":135,"column":35}},"53":{"start":{"line":136,"column":24},"end":{"line":136,"column":78}},"54":{"start":{"line":138,"column":8},"end":{"line":141,"column":11}},"55":{"start":{"line":143,"column":8},"end":{"line":143,"column":72}},"56":{"start":{"line":144,"column":8},"end":{"line":146,"column":11}},"57":{"start":{"line":151,"column":33},"end":{"line":168,"column":1}},"58":{"start":{"line":152,"column":4},"end":{"line":167,"column":5}},"59":{"start":{"line":153,"column":23},"end":{"line":153,"column":35}},"60":{"start":{"line":154,"column":23},"end":{"line":154,"column":77}},"61":{"start":{"line":156,"column":8},"end":{"line":161,"column":9}},"62":{"start":{"line":157,"column":12},"end":{"line":160,"column":15}},"63":{"start":{"line":163,"column":8},"end":{"line":163,"column":79}},"64":{"start":{"line":164,"column":8},"end":{"line":166,"column":11}},"65":{"start":{"line":171,"column":29},"end":{"line":186,"column":1}},"66":{"start":{"line":172,"column":4},"end":{"line":185,"column":5}},"67":{"start":{"line":173,"column":23},"end":{"line":173,"column":38}},"68":{"start":{"line":174,"column":23},"end":{"line":174,"column":71}},"69":{"start":{"line":176,"column":8},"end":{"line":179,"column":11}},"70":{"start":{"line":181,"column":8},"end":{"line":181,"column":74}},"71":{"start":{"line":182,"column":8},"end":{"line":184,"column":11}},"72":{"start":{"line":189,"column":38},"end":{"line":210,"column":1}},"73":{"start":{"line":190,"column":4},"end":{"line":209,"column":5}},"74":{"start":{"line":191,"column":23},"end":{"line":191,"column":36}},"75":{"start":{"line":192,"column":24},"end":{"line":192,"column":76}},"76":{"start":{"line":194,"column":8},"end":{"line":198,"column":9}},"77":{"start":{"line":195,"column":12},"end":{"line":197,"column":15}},"78":{"start":{"line":200,"column":8},"end":{"line":203,"column":11}},"79":{"start":{"line":205,"column":8},"end":{"line":205,"column":85}},"80":{"start":{"line":206,"column":8},"end":{"line":208,"column":11}}},"fnMap":{"0":{"name":"(anonymous_0)","decl":{"start":{"line":3,"column":24},"end":{"line":3,"column":25}},"loc":{"start":{"line":3,"column":43},"end":{"line":8,"column":1}},"line":3},"1":{"name":"(anonymous_1)","decl":{"start":{"line":11,"column":27},"end":{"line":11,"column":28}},"loc":{"start":{"line":11,"column":46},"end":{"line":27,"column":1}},"line":11},"2":{"name":"(anonymous_2)","decl":{"start":{"line":30,"column":25},"end":{"line":30,"column":26}},"loc":{"start":{"line":30,"column":44},"end":{"line":49,"column":1}},"line":30},"3":{"name":"(anonymous_3)","decl":{"start":{"line":52,"column":36},"end":{"line":52,"column":37}},"loc":{"start":{"line":52,"column":55},"end":{"line":67,"column":1}},"line":52},"4":{"name":"(anonymous_4)","decl":{"start":{"line":70,"column":30},"end":{"line":70,"column":31}},"loc":{"start":{"line":70,"column":49},"end":{"line":86,"column":1}},"line":70},"5":{"name":"(anonymous_5)","decl":{"start":{"line":89,"column":29},"end":{"line":89,"column":30}},"loc":{"start":{"line":89,"column":48},"end":{"line":108,"column":1}},"line":89},"6":{"name":"(anonymous_6)","decl":{"start":{"line":111,"column":30},"end":{"line":111,"column":31}},"loc":{"start":{"line":111,"column":49},"end":{"line":130,"column":1}},"line":111},"7":{"name":"(anonymous_7)","decl":{"start":{"line":133,"column":27},"end":{"line":133,"column":28}},"loc":{"start":{"line":133,"column":46},"end":{"line":148,"column":1}},"line":133},"8":{"name":"(anonymous_8)","decl":{"start":{"line":151,"column":33},"end":{"line":151,"column":34}},"loc":{"start":{"line":151,"column":52},"end":{"line":168,"column":1}},"line":151},"9":{"name":"(anonymous_9)","decl":{"start":{"line":171,"column":29},"end":{"line":171,"column":30}},"loc":{"start":{"line":171,"column":48},"end":{"line":186,"column":1}},"line":171},"10":{"name":"(anonymous_10)","decl":{"start":{"line":189,"column":38},"end":{"line":189,"column":39}},"loc":{"start":{"line":189,"column":57},"end":{"line":210,"column":1}},"line":189}},"branchMap":{"0":{"loc":{"start":{"line":21,"column":8},"end":{"line":25,"column":9}},"type":"if","locations":[{"start":{"line":21,"column":8},"end":{"line":25,"column":9}},{"start":{},"end":{}}],"line":21},"1":{"loc":{"start":{"line":23,"column":23},"end":{"line":23,"column":45}},"type":"binary-expr","locations":[{"start":{"line":23,"column":23},"end":{"line":23,"column":36}},{"start":{"line":23,"column":40},"end":{"line":23,"column":45}}],"line":23},"2":{"loc":{"start":{"line":35,"column":8},"end":{"line":37,"column":9}},"type":"if","locations":[{"start":{"line":35,"column":8},"end":{"line":37,"column":9}},{"start":{},"end":{}}],"line":35},"3":{"loc":{"start":{"line":46,"column":19},"end":{"line":46,"column":58}},"type":"binary-expr","locations":[{"start":{"line":46,"column":19},"end":{"line":46,"column":32}},{"start":{"line":46,"column":36},"end":{"line":46,"column":58}}],"line":46},"4":{"loc":{"start":{"line":64,"column":19},"end":{"line":64,"column":58}},"type":"binary-expr","locations":[{"start":{"line":64,"column":19},"end":{"line":64,"column":32}},{"start":{"line":64,"column":36},"end":{"line":64,"column":58}}],"line":64},"5":{"loc":{"start":{"line":83,"column":19},"end":{"line":83,"column":58}},"type":"binary-expr","locations":[{"start":{"line":83,"column":19},"end":{"line":83,"column":32}},{"start":{"line":83,"column":36},"end":{"line":83,"column":58}}],"line":83},"6":{"loc":{"start":{"line":94,"column":8},"end":{"line":96,"column":9}},"type":"if","locations":[{"start":{"line":94,"column":8},"end":{"line":96,"column":9}},{"start":{},"end":{}}],"line":94},"7":{"loc":{"start":{"line":105,"column":19},"end":{"line":105,"column":58}},"type":"binary-expr","locations":[{"start":{"line":105,"column":19},"end":{"line":105,"column":32}},{"start":{"line":105,"column":36},"end":{"line":105,"column":58}}],"line":105},"8":{"loc":{"start":{"line":116,"column":8},"end":{"line":118,"column":9}},"type":"if","locations":[{"start":{"line":116,"column":8},"end":{"line":118,"column":9}},{"start":{},"end":{}}],"line":116},"9":{"loc":{"start":{"line":127,"column":19},"end":{"line":127,"column":58}},"type":"binary-expr","locations":[{"start":{"line":127,"column":19},"end":{"line":127,"column":32}},{"start":{"line":127,"column":36},"end":{"line":127,"column":58}}],"line":127},"10":{"loc":{"start":{"line":156,"column":8},"end":{"line":161,"column":9}},"type":"if","locations":[{"start":{"line":156,"column":8},"end":{"line":161,"column":9}},{"start":{},"end":{}}],"line":156},"11":{"loc":{"start":{"line":173,"column":23},"end":{"line":173,"column":38}},"type":"binary-expr","locations":[{"start":{"line":173,"column":23},"end":{"line":173,"column":32}},{"start":{"line":173,"column":36},"end":{"line":173,"column":38}}],"line":173},"12":{"loc":{"start":{"line":194,"column":8},"end":{"line":198,"column":9}},"type":"if","locations":[{"start":{"line":194,"column":8},"end":{"line":198,"column":9}},{"start":{},"end":{}}],"line":194}},"s":{"0":2,"1":1,"2":2,"3":1,"4":1,"5":1,"6":0,"7":0,"8":0,"9":2,"10":1,"11":1,"12":1,"13":1,"14":1,"15":0,"16":0,"17":0,"18":2,"19":0,"20":0,"21":0,"22":0,"23":0,"24":0,"25":2,"26":0,"27":0,"28":0,"29":0,"30":0,"31":0,"32":2,"33":0,"34":0,"35":0,"36":0,"37":0,"38":0,"39":0,"40":0,"41":2,"42":0,"43":0,"44":0,"45":0,"46":0,"47":0,"48":0,"49":0,"50":2,"51":0,"52":0,"53":0,"54":0,"55":0,"56":0,"57":2,"58":0,"59":0,"60":0,"61":0,"62":0,"63":0,"64":0,"65":2,"66":0,"67":0,"68":0,"69":0,"70":0,"71":0,"72":2,"73":0,"74":0,"75":0,"76":0,"77":0,"78":0,"79":0,"80":0},"f":{"0":1,"1":1,"2":1,"3":0,"4":0,"5":0,"6":0,"7":0,"8":0,"9":0,"10":0},"b":{"0":[0,0],"1":[0,0],"2":[1,0],"3":[0,0],"4":[0,0],"5":[0,0],"6":[0,0],"7":[0,0],"8":[0,0],"9":[0,0],"10":[0,0],"11":[0,0],"12":[0,0]},"_coverageSchema":"1a1c01bbd47fc00a2c39e90264f33305004495a9","hash":"22f5fc48fc2b01ab440eeaa8a1af4a5cae123fc1"}
,"C:\\Users\\Nontprawitch\\Desktop\\Vs code\\Javascript\\Book_University\\server\\src\\controllers\\messages.controller.js": {"path":"C:\\Users\\Nontprawitch\\Desktop\\Vs code\\Javascript\\Book_University\\server\\src\\controllers\\messages.controller.js","statementMap":{"0":{"start":{"line":3,"column":34},"end":{"line":20,"column":1}},"1":{"start":{"line":4,"column":4},"end":{"line":19,"column":5}},"2":{"start":{"line":5,"column":23},"end":{"line":5,"column":35}},"3":{"start":{"line":6,"column":21},"end":{"line":6,"column":68}},"4":{"start":{"line":8,"column":8},"end":{"line":10,"column":9}},"5":{"start":{"line":9,"column":12},"end":{"line":9,"column":72}},"6":{"start":{"line":12,"column":8},"end":{"line":15,"column":11}},"7":{"start":{"line":17,"column":8},"end":{"line":17,"column":54}},"8":{"start":{"line":18,"column":8},"end":{"line":18,"column":67}},"9":{"start":{"line":22,"column":27},"end":{"line":48,"column":1}},"10":{"start":{"line":23,"column":4},"end":{"line":47,"column":5}},"11":{"start":{"line":24,"column":52},"end":{"line":24,"column":60}},"12":{"start":{"line":25,"column":24},"end":{"line":25,"column":89}},"13":{"start":{"line":27,"column":8},"end":{"line":29,"column":9}},"14":{"start":{"line":28,"column":12},"end":{"line":28,"column":68}},"15":{"start":{"line":31,"column":25},"end":{"line":31,"column":94}},"16":{"start":{"line":33,"column":8},"end":{"line":43,"column":11}},"17":{"start":{"line":45,"column":8},"end":{"line":45,"column":55}},"18":{"start":{"line":46,"column":8},"end":{"line":46,"column":67}},"19":{"start":{"line":50,"column":27},"end":{"line":68,"column":1}},"20":{"start":{"line":51,"column":4},"end":{"line":67,"column":5}},"21":{"start":{"line":52,"column":43},"end":{"line":52,"column":53}},"22":{"start":{"line":54,"column":8},"end":{"line":56,"column":9}},"23":{"start":{"line":55,"column":12},"end":{"line":55,"column":68}},"24":{"start":{"line":58,"column":21},"end":{"line":58,"column":92}},"25":{"start":{"line":60,"column":8},"end":{"line":63,"column":11}},"26":{"start":{"line":65,"column":8},"end":{"line":65,"column":57}},"27":{"start":{"line":66,"column":8},"end":{"line":66,"column":67}}},"fnMap":{"0":{"name":"(anonymous_0)","decl":{"start":{"line":3,"column":34},"end":{"line":3,"column":35}},"loc":{"start":{"line":3,"column":54},"end":{"line":20,"column":1}},"line":3},"1":{"name":"(anonymous_1)","decl":{"start":{"line":22,"column":27},"end":{"line":22,"column":28}},"loc":{"start":{"line":22,"column":47},"end":{"line":48,"column":1}},"line":22},"2":{"name":"(anonymous_2)","decl":{"start":{"line":50,"column":27},"end":{"line":50,"column":28}},"loc":{"start":{"line":50,"column":47},"end":{"line":68,"column":1}},"line":50}},"branchMap":{"0":{"loc":{"start":{"line":8,"column":8},"end":{"line":10,"column":9}},"type":"if","locations":[{"start":{"line":8,"column":8},"end":{"line":10,"column":9}},{"start":{},"end":{}}],"line":8},"1":{"loc":{"start":{"line":25,"column":24},"end":{"line":25,"column":89}},"type":"binary-expr","locations":[{"start":{"line":25,"column":24},"end":{"line":25,"column":81}},{"start":{"line":25,"column":85},"end":{"line":25,"column":89}}],"line":25},"2":{"loc":{"start":{"line":27,"column":8},"end":{"line":29,"column":9}},"type":"if","locations":[{"start":{"line":27,"column":8},"end":{"line":29,"column":9}},{"start":{},"end":{}}],"line":27},"3":{"loc":{"start":{"line":27,"column":12},"end":{"line":27,"column":58}},"type":"binary-expr","locations":[{"start":{"line":27,"column":12},"end":{"line":27,"column":19}},{"start":{"line":27,"column":23},"end":{"line":27,"column":32}},{"start":{"line":27,"column":37},"end":{"line":27,"column":45}},{"start":{"line":27,"column":49},"end":{"line":27,"column":57}}],"line":27},"4":{"loc":{"start":{"line":54,"column":8},"end":{"line":56,"column":9}},"type":"if","locations":[{"start":{"line":54,"column":8},"end":{"line":56,"column":9}},{"start":{},"end":{}}],"line":54},"5":{"loc":{"start":{"line":54,"column":12},"end":{"line":54,"column":38}},"type":"binary-expr","locations":[{"start":{"line":54,"column":12},"end":{"line":54,"column":22}},{"start":{"line":54,"column":26},"end":{"line":54,"column":38}}],"line":54}},"s":{"0":1,"1":1,"2":1,"3":1,"4":1,"5":0,"6":1,"7":0,"8":0,"9":1,"10":1,"11":1,"12":1,"13":1,"14":1,"15":0,"16":0,"17":0,"18":0,"19":1,"20":1,"21":1,"22":1,"23":0,"24":1,"25":1,"26":0,"27":0},"f":{"0":1,"1":1,"2":1},"b":{"0":[0,1],"1":[1,1],"2":[1,0],"3":[1,1,0,0],"4":[0,1],"5":[1,1]},"_coverageSchema":"1a1c01bbd47fc00a2c39e90264f33305004495a9","hash":"eb68a2d7d0573f9bf08af0c20093dc2f0cd0f06e"}
,"C:\\Users\\Nontprawitch\\Desktop\\Vs code\\Javascript\\Book_University\\server\\src\\controllers\\notification.controller.js": {"path":"C:\\Users\\Nontprawitch\\Desktop\\Vs code\\Javascript\\Book_University\\server\\src\\controllers\\notification.controller.js","statementMap":{"0":{"start":{"line":3,"column":32},"end":{"line":30,"column":1}},"1":{"start":{"line":4,"column":4},"end":{"line":29,"column":5}},"2":{"start":{"line":5,"column":23},"end":{"line":5,"column":35}},"3":{"start":{"line":6,"column":8},"end":{"line":8,"column":9}},"4":{"start":{"line":7,"column":12},"end":{"line":7,"column":86}},"5":{"start":{"line":10,"column":30},"end":{"line":10,"column":84}},"6":{"start":{"line":12,"column":8},"end":{"line":17,"column":9}},"7":{"start":{"line":13,"column":12},"end":{"line":16,"column":15}},"8":{"start":{"line":19,"column":8},"end":{"line":22,"column":11}},"9":{"start":{"line":25,"column":8},"end":{"line":25,"column":71}},"10":{"start":{"line":26,"column":8},"end":{"line":28,"column":11}},"11":{"start":{"line":32,"column":40},"end":{"line":56,"column":1}},"12":{"start":{"line":33,"column":4},"end":{"line":55,"column":5}},"13":{"start":{"line":34,"column":21},"end":{"line":34,"column":29}},"14":{"start":{"line":35,"column":23},"end":{"line":35,"column":35}},"15":{"start":{"line":37,"column":8},"end":{"line":39,"column":9}},"16":{"start":{"line":38,"column":12},"end":{"line":38,"column":75}},"17":{"start":{"line":40,"column":8},"end":{"line":42,"column":9}},"18":{"start":{"line":41,"column":12},"end":{"line":41,"column":78}},"19":{"start":{"line":44,"column":8},"end":{"line":44,"column":69}},"20":{"start":{"line":46,"column":8},"end":{"line":48,"column":11}},"21":{"start":{"line":51,"column":8},"end":{"line":51,"column":77}},"22":{"start":{"line":52,"column":8},"end":{"line":54,"column":11}}},"fnMap":{"0":{"name":"(anonymous_0)","decl":{"start":{"line":3,"column":32},"end":{"line":3,"column":33}},"loc":{"start":{"line":3,"column":52},"end":{"line":30,"column":1}},"line":3},"1":{"name":"(anonymous_1)","decl":{"start":{"line":32,"column":40},"end":{"line":32,"column":41}},"loc":{"start":{"line":32,"column":60},"end":{"line":56,"column":1}},"line":32}},"branchMap":{"0":{"loc":{"start":{"line":6,"column":8},"end":{"line":8,"column":9}},"type":"if","locations":[{"start":{"line":6,"column":8},"end":{"line":8,"column":9}},{"start":{},"end":{}}],"line":6},"1":{"loc":{"start":{"line":12,"column":8},"end":{"line":17,"column":9}},"type":"if","locations":[{"start":{"line":12,"column":8},"end":{"line":17,"column":9}},{"start":{},"end":{}}],"line":12},"2":{"loc":{"start":{"line":37,"column":8},"end":{"line":39,"column":9}},"type":"if","locations":[{"start":{"line":37,"column":8},"end":{"line":39,"column":9}},{"start":{},"end":{}}],"line":37},"3":{"loc":{"start":{"line":40,"column":8},"end":{"line":42,"column":9}},"type":"if","locations":[{"start":{"line":40,"column":8},"end":{"line":42,"column":9}},{"start":{},"end":{}}],"line":40}},"s":{"0":1,"1":1,"2":1,"3":1,"4":0,"5":1,"6":1,"7":1,"8":0,"9":0,"10":0,"11":1,"12":1,"13":1,"14":1,"15":1,"16":0,"17":1,"18":1,"19":0,"20":0,"21":0,"22":0},"f":{"0":1,"1":1},"b":{"0":[0,1],"1":[1,0],"2":[0,1],"3":[1,0]},"_coverageSchema":"1a1c01bbd47fc00a2c39e90264f33305004495a9","hash":"46e239f5412acf962c2e9904af36ba3bb5e5ad95"}
,"C:\\Users\\Nontprawitch\\Desktop\\Vs code\\Javascript\\Book_University\\server\\src\\controllers\\payments.controller.js": {"path":"C:\\Users\\Nontprawitch\\Desktop\\Vs code\\Javascript\\Book_University\\server\\src\\controllers\\payments.controller.js","statementMap":{"0":{"start":{"line":3,"column":37},"end":{"line":62,"column":1}},"1":{"start":{"line":4,"column":4},"end":{"line":61,"column":5}},"2":{"start":{"line":26,"column":12},"end":{"line":26,"column":20}},"3":{"start":{"line":28,"column":23},"end":{"line":49,"column":10}},"4":{"start":{"line":51,"column":8},"end":{"line":54,"column":11}},"5":{"start":{"line":57,"column":8},"end":{"line":57,"column":76}},"6":{"start":{"line":58,"column":8},"end":{"line":60,"column":11}},"7":{"start":{"line":64,"column":29},"end":{"line":82,"column":1}},"8":{"start":{"line":65,"column":4},"end":{"line":81,"column":5}},"9":{"start":{"line":66,"column":54},"end":{"line":66,"column":62}},"10":{"start":{"line":67,"column":27},"end":{"line":67,"column":54}},"11":{"start":{"line":68,"column":25},"end":{"line":68,"column":60}},"12":{"start":{"line":70,"column":8},"end":{"line":70,"column":95}},"13":{"start":{"line":72,"column":8},"end":{"line":74,"column":11}},"14":{"start":{"line":77,"column":8},"end":{"line":77,"column":65}},"15":{"start":{"line":78,"column":8},"end":{"line":80,"column":11}},"16":{"start":{"line":84,"column":29},"end":{"line":105,"column":1}},"17":{"start":{"line":85,"column":4},"end":{"line":104,"column":5}},"18":{"start":{"line":86,"column":26},"end":{"line":86,"column":34}},"19":{"start":{"line":88,"column":8},"end":{"line":90,"column":9}},"20":{"start":{"line":89,"column":12},"end":{"line":89,"column":77}},"21":{"start":{"line":92,"column":26},"end":{"line":92,"column":69}},"22":{"start":{"line":94,"column":8},"end":{"line":97,"column":11}},"23":{"start":{"line":100,"column":8},"end":{"line":100,"column":67}},"24":{"start":{"line":101,"column":8},"end":{"line":103,"column":11}},"25":{"start":{"line":107,"column":27},"end":{"line":130,"column":1}},"26":{"start":{"line":108,"column":4},"end":{"line":129,"column":5}},"27":{"start":{"line":109,"column":21},"end":{"line":109,"column":31}},"28":{"start":{"line":110,"column":45},"end":{"line":110,"column":53}},"29":{"start":{"line":111,"column":27},"end":{"line":111,"column":54}},"30":{"start":{"line":112,"column":25},"end":{"line":112,"column":60}},"31":{"start":{"line":114,"column":8},"end":{"line":114,"column":52}},"32":{"start":{"line":115,"column":8},"end":{"line":115,"column":52}},"33":{"start":{"line":116,"column":8},"end":{"line":116,"column":43}},"34":{"start":{"line":118,"column":23},"end":{"line":118,"column":105}},"35":{"start":{"line":120,"column":8},"end":{"line":122,"column":11}},"36":{"start":{"line":125,"column":8},"end":{"line":125,"column":71}},"37":{"start":{"line":126,"column":8},"end":{"line":128,"column":11}}},"fnMap":{"0":{"name":"(anonymous_0)","decl":{"start":{"line":3,"column":37},"end":{"line":3,"column":38}},"loc":{"start":{"line":3,"column":56},"end":{"line":62,"column":1}},"line":3},"1":{"name":"(anonymous_1)","decl":{"start":{"line":64,"column":29},"end":{"line":64,"column":30}},"loc":{"start":{"line":64,"column":48},"end":{"line":82,"column":1}},"line":64},"2":{"name":"(anonymous_2)","decl":{"start":{"line":84,"column":29},"end":{"line":84,"column":30}},"loc":{"start":{"line":84,"column":48},"end":{"line":105,"column":1}},"line":84},"3":{"name":"(anonymous_3)","decl":{"start":{"line":107,"column":27},"end":{"line":107,"column":28}},"loc":{"start":{"line":107,"column":46},"end":{"line":130,"column":1}},"line":107}},"branchMap":{"0":{"loc":{"start":{"line":23,"column":12},"end":{"line":23,"column":27}},"type":"default-arg","locations":[{"start":{"line":23,"column":26},"end":{"line":23,"column":27}}],"line":23},"1":{"loc":{"start":{"line":59,"column":21},"end":{"line":59,"column":43}},"type":"binary-expr","locations":[{"start":{"line":59,"column":21},"end":{"line":59,"column":34}},{"start":{"line":59,"column":38},"end":{"line":59,"column":43}}],"line":59},"2":{"loc":{"start":{"line":68,"column":25},"end":{"line":68,"column":60}},"type":"cond-expr","locations":[{"start":{"line":68,"column":38},"end":{"line":68,"column":53}},{"start":{"line":68,"column":56},"end":{"line":68,"column":60}}],"line":68},"3":{"loc":{"start":{"line":79,"column":21},"end":{"line":79,"column":43}},"type":"binary-expr","locations":[{"start":{"line":79,"column":21},"end":{"line":79,"column":34}},{"start":{"line":79,"column":38},"end":{"line":79,"column":43}}],"line":79},"4":{"loc":{"start":{"line":88,"column":8},"end":{"line":90,"column":9}},"type":"if","locations":[{"start":{"line":88,"column":8},"end":{"line":90,"column":9}},{"start":{},"end":{}}],"line":88},"5":{"loc":{"start":{"line":102,"column":21},"end":{"line":102,"column":43}},"type":"binary-expr","locations":[{"start":{"line":102,"column":21},"end":{"line":102,"column":34}},{"start":{"line":102,"column":38},"end":{"line":102,"column":43}}],"line":102},"6":{"loc":{"start":{"line":112,"column":25},"end":{"line":112,"column":60}},"type":"cond-expr","locations":[{"start":{"line":112,"column":38},"end":{"line":112,"column":53}},{"start":{"line":112,"column":56},"end":{"line":112,"column":60}}],"line":112}},"s":{"0":1,"1":0,"2":0,"3":0,"4":0,"5":0,"6":0,"7":1,"8":0,"9":0,"10":0,"11":0,"12":0,"13":0,"14":0,"15":0,"16":1,"17":2,"18":2,"19":2,"20":1,"21":1,"22":0,"23":1,"24":1,"25":1,"26":0,"27":0,"28":0,"29":0,"30":0,"31":0,"32":0,"33":0,"34":0,"35":0,"36":0,"37":0},"f":{"0":0,"1":0,"2":2,"3":0},"b":{"0":[0],"1":[0,0],"2":[0,0],"3":[0,0],"4":[1,1],"5":[1,0],"6":[0,0]},"_coverageSchema":"1a1c01bbd47fc00a2c39e90264f33305004495a9","hash":"a6d5168251dbf593b4da2a242132e1bd9bf55d64"}
,"C:\\Users\\Nontprawitch\\Desktop\\Vs code\\Javascript\\Book_University\\server\\src\\controllers\\product.controller.js": {"path":"C:\\Users\\Nontprawitch\\Desktop\\Vs code\\Javascript\\Book_University\\server\\src\\controllers\\product.controller.js","statementMap":{"0":{"start":{"line":3,"column":25},"end":{"line":20,"column":1}},"1":{"start":{"line":4,"column":4},"end":{"line":19,"column":5}},"2":{"start":{"line":5,"column":23},"end":{"line":5,"column":35}},"3":{"start":{"line":7,"column":22},"end":{"line":7,"column":71}},"4":{"start":{"line":9,"column":8},"end":{"line":12,"column":11}},"5":{"start":{"line":15,"column":8},"end":{"line":15,"column":59}},"6":{"start":{"line":16,"column":8},"end":{"line":18,"column":11}},"7":{"start":{"line":22,"column":23},"end":{"line":67,"column":1}},"8":{"start":{"line":23,"column":4},"end":{"line":66,"column":5}},"9":{"start":{"line":24,"column":8},"end":{"line":24,"column":49}},"10":{"start":{"line":26,"column":74},"end":{"line":26,"column":82}},"11":{"start":{"line":27,"column":23},"end":{"line":27,"column":35}},"12":{"start":{"line":28,"column":24},"end":{"line":28,"column":39}},"13":{"start":{"line":30,"column":8},"end":{"line":34,"column":9}},"14":{"start":{"line":31,"column":12},"end":{"line":33,"column":15}},"15":{"start":{"line":36,"column":24},"end":{"line":36,"column":81}},"16":{"start":{"line":38,"column":25},"end":{"line":47,"column":9}},"17":{"start":{"line":49,"column":8},"end":{"line":49,"column":47}},"18":{"start":{"line":51,"column":23},"end":{"line":51,"column":64}},"19":{"start":{"line":53,"column":8},"end":{"line":53,"column":46}},"20":{"start":{"line":55,"column":8},"end":{"line":58,"column":11}},"21":{"start":{"line":60,"column":8},"end":{"line":60,"column":69}},"22":{"start":{"line":61,"column":8},"end":{"line":65,"column":9}},"23":{"start":{"line":62,"column":12},"end":{"line":64,"column":15}},"24":{"start":{"line":69,"column":26},"end":{"line":88,"column":1}},"25":{"start":{"line":70,"column":4},"end":{"line":87,"column":5}},"26":{"start":{"line":71,"column":74},"end":{"line":71,"column":82}},"27":{"start":{"line":72,"column":23},"end":{"line":72,"column":36}},"28":{"start":{"line":73,"column":24},"end":{"line":73,"column":39}},"29":{"start":{"line":75,"column":25},"end":{"line":75,"column":91}},"30":{"start":{"line":76,"column":23},"end":{"line":76,"column":72}},"31":{"start":{"line":78,"column":8},"end":{"line":81,"column":11}},"32":{"start":{"line":83,"column":8},"end":{"line":83,"column":71}},"33":{"start":{"line":84,"column":8},"end":{"line":86,"column":11}},"34":{"start":{"line":90,"column":26},"end":{"line":110,"column":1}},"35":{"start":{"line":91,"column":4},"end":{"line":109,"column":5}},"36":{"start":{"line":92,"column":27},"end":{"line":92,"column":35}},"37":{"start":{"line":94,"column":8},"end":{"line":96,"column":9}},"38":{"start":{"line":95,"column":12},"end":{"line":95,"column":76}},"39":{"start":{"line":98,"column":23},"end":{"line":98,"column":62}},"40":{"start":{"line":100,"column":8},"end":{"line":103,"column":11}},"41":{"start":{"line":105,"column":8},"end":{"line":105,"column":72}},"42":{"start":{"line":106,"column":8},"end":{"line":108,"column":11}}},"fnMap":{"0":{"name":"(anonymous_0)","decl":{"start":{"line":3,"column":25},"end":{"line":3,"column":26}},"loc":{"start":{"line":3,"column":44},"end":{"line":20,"column":1}},"line":3},"1":{"name":"(anonymous_1)","decl":{"start":{"line":22,"column":23},"end":{"line":22,"column":24}},"loc":{"start":{"line":22,"column":42},"end":{"line":67,"column":1}},"line":22},"2":{"name":"(anonymous_2)","decl":{"start":{"line":69,"column":26},"end":{"line":69,"column":27}},"loc":{"start":{"line":69,"column":45},"end":{"line":88,"column":1}},"line":69},"3":{"name":"(anonymous_3)","decl":{"start":{"line":90,"column":26},"end":{"line":90,"column":27}},"loc":{"start":{"line":90,"column":46},"end":{"line":110,"column":1}},"line":90}},"branchMap":{"0":{"loc":{"start":{"line":17,"column":19},"end":{"line":17,"column":58}},"type":"binary-expr","locations":[{"start":{"line":17,"column":19},"end":{"line":17,"column":32}},{"start":{"line":17,"column":36},"end":{"line":17,"column":58}}],"line":17},"1":{"loc":{"start":{"line":30,"column":8},"end":{"line":34,"column":9}},"type":"if","locations":[{"start":{"line":30,"column":8},"end":{"line":34,"column":9}},{"start":{},"end":{}}],"line":30},"2":{"loc":{"start":{"line":36,"column":24},"end":{"line":36,"column":81}},"type":"binary-expr","locations":[{"start":{"line":36,"column":24},"end":{"line":36,"column":73}},{"start":{"line":36,"column":77},"end":{"line":36,"column":81}}],"line":36},"3":{"loc":{"start":{"line":61,"column":8},"end":{"line":65,"column":9}},"type":"if","locations":[{"start":{"line":61,"column":8},"end":{"line":65,"column":9}},{"start":{},"end":{}}],"line":61},"4":{"loc":{"start":{"line":63,"column":23},"end":{"line":63,"column":45}},"type":"binary-expr","locations":[{"start":{"line":63,"column":23},"end":{"line":63,"column":36}},{"start":{"line":63,"column":40},"end":{"line":63,"column":45}}],"line":63},"5":{"loc":{"start":{"line":85,"column":19},"end":{"line":85,"column":57}},"type":"binary-expr","locations":[{"start":{"line":85,"column":19},"end":{"line":85,"column":32}},{"start":{"line":85,"column":36},"end":{"line":85,"column":57}}],"line":85},"6":{"loc":{"start":{"line":94,"column":8},"end":{"line":96,"column":9}},"type":"if","locations":[{"start":{"line":94,"column":8},"end":{"line":96,"column":9}},{"start":{},"end":{}}],"line":94},"7":{"loc":{"start":{"line":107,"column":19},"end":{"line":107,"column":55}},"type":"binary-expr","locations":[{"start":{"line":107,"column":19},"end":{"line":107,"column":32}},{"start":{"line":107,"column":36},"end":{"line":107,"column":55}}],"line":107}},"s":{"0":1,"1":0,"2":0,"3":0,"4":0,"5":0,"6":0,"7":1,"8":0,"9":0,"10":0,"11":0,"12":0,"13":0,"14":0,"15":0,"16":0,"17":0,"18":0,"19":0,"20":0,"21":0,"22":0,"23":0,"24":1,"25":0,"26":0,"27":0,"28":0,"29":0,"30":0,"31":0,"32":0,"33":0,"34":1,"35":1,"36":1,"37":1,"38":1,"39":0,"40":0,"41":0,"42":0},"f":{"0":0,"1":0,"2":0,"3":1},"b":{"0":[0,0],"1":[0,0],"2":[0,0],"3":[0,0],"4":[0,0],"5":[0,0],"6":[1,0],"7":[0,0]},"_coverageSchema":"1a1c01bbd47fc00a2c39e90264f33305004495a9","hash":"bb3b1c967b6cc24b93067877dc5afd15538879fe"}
,"C:\\Users\\Nontprawitch\\Desktop\\Vs code\\Javascript\\Book_University\\server\\src\\controllers\\user.controller.js": {"path":"C:\\Users\\Nontprawitch\\Desktop\\Vs code\\Javascript\\Book_University\\server\\src\\controllers\\user.controller.js","statementMap":{"0":{"start":{"line":4,"column":22},"end":{"line":24,"column":1}},"1":{"start":{"line":5,"column":4},"end":{"line":23,"column":5}},"2":{"start":{"line":6,"column":57},"end":{"line":6,"column":65}},"3":{"start":{"line":8,"column":8},"end":{"line":10,"column":9}},"4":{"start":{"line":9,"column":12},"end":{"line":9,"column":81}},"5":{"start":{"line":12,"column":24},"end":{"line":12,"column":92}},"6":{"start":{"line":14,"column":8},"end":{"line":17,"column":11}},"7":{"start":{"line":19,"column":8},"end":{"line":19,"column":67}},"8":{"start":{"line":20,"column":8},"end":{"line":22,"column":11}},"9":{"start":{"line":26,"column":21},"end":{"line":67,"column":1}},"10":{"start":{"line":27,"column":4},"end":{"line":66,"column":5}},"11":{"start":{"line":28,"column":47},"end":{"line":28,"column":55}},"12":{"start":{"line":30,"column":8},"end":{"line":32,"column":9}},"13":{"start":{"line":31,"column":12},"end":{"line":31,"column":90}},"14":{"start":{"line":34,"column":8},"end":{"line":36,"column":9}},"15":{"start":{"line":35,"column":12},"end":{"line":35,"column":78}},"16":{"start":{"line":38,"column":21},"end":{"line":38,"column":83}},"17":{"start":{"line":40,"column":22},"end":{"line":44,"column":9}},"18":{"start":{"line":46,"column":8},"end":{"line":50,"column":11}},"19":{"start":{"line":52,"column":8},"end":{"line":60,"column":11}},"20":{"start":{"line":62,"column":8},"end":{"line":62,"column":66}},"21":{"start":{"line":63,"column":8},"end":{"line":65,"column":11}},"22":{"start":{"line":69,"column":30},"end":{"line":87,"column":1}},"23":{"start":{"line":70,"column":18},"end":{"line":70,"column":35}},"24":{"start":{"line":72,"column":4},"end":{"line":74,"column":5}},"25":{"start":{"line":73,"column":8},"end":{"line":73,"column":62}},"26":{"start":{"line":76,"column":4},"end":{"line":86,"column":5}},"27":{"start":{"line":77,"column":24},"end":{"line":77,"column":65}},"28":{"start":{"line":78,"column":8},"end":{"line":81,"column":10}},"29":{"start":{"line":83,"column":8},"end":{"line":85,"column":10}},"30":{"start":{"line":89,"column":22},"end":{"line":94,"column":1}},"31":{"start":{"line":90,"column":4},"end":{"line":90,"column":28}},"32":{"start":{"line":91,"column":4},"end":{"line":93,"column":6}}},"fnMap":{"0":{"name":"(anonymous_0)","decl":{"start":{"line":4,"column":22},"end":{"line":4,"column":23}},"loc":{"start":{"line":4,"column":42},"end":{"line":24,"column":1}},"line":4},"1":{"name":"(anonymous_1)","decl":{"start":{"line":26,"column":21},"end":{"line":26,"column":22}},"loc":{"start":{"line":26,"column":41},"end":{"line":67,"column":1}},"line":26},"2":{"name":"(anonymous_2)","decl":{"start":{"line":69,"column":30},"end":{"line":69,"column":31}},"loc":{"start":{"line":69,"column":49},"end":{"line":87,"column":1}},"line":69},"3":{"name":"(anonymous_3)","decl":{"start":{"line":89,"column":22},"end":{"line":89,"column":23}},"loc":{"start":{"line":89,"column":42},"end":{"line":94,"column":1}},"line":89}},"branchMap":{"0":{"loc":{"start":{"line":8,"column":8},"end":{"line":10,"column":9}},"type":"if","locations":[{"start":{"line":8,"column":8},"end":{"line":10,"column":9}},{"start":{},"end":{}}],"line":8},"1":{"loc":{"start":{"line":8,"column":12},"end":{"line":8,"column":58}},"type":"binary-expr","locations":[{"start":{"line":8,"column":12},"end":{"line":8,"column":22}},{"start":{"line":8,"column":26},"end":{"line":8,"column":35}},{"start":{"line":8,"column":39},"end":{"line":8,"column":45}},{"start":{"line":8,"column":49},"end":{"line":8,"column":58}}],"line":8},"2":{"loc":{"start":{"line":21,"column":19},"end":{"line":21,"column":41}},"type":"binary-expr","locations":[{"start":{"line":21,"column":19},"end":{"line":21,"column":32}},{"start":{"line":21,"column":36},"end":{"line":21,"column":41}}],"line":21},"3":{"loc":{"start":{"line":30,"column":8},"end":{"line":32,"column":9}},"type":"if","locations":[{"start":{"line":30,"column":8},"end":{"line":32,"column":9}},{"start":{},"end":{}}],"line":30},"4":{"loc":{"start":{"line":30,"column":12},"end":{"line":30,"column":32}},"type":"binary-expr","locations":[{"start":{"line":30,"column":12},"end":{"line":30,"column":18}},{"start":{"line":30,"column":22},"end":{"line":30,"column":32}}],"line":30},"5":{"loc":{"start":{"line":34,"column":8},"end":{"line":36,"column":9}},"type":"if","locations":[{"start":{"line":34,"column":8},"end":{"line":36,"column":9}},{"start":{},"end":{}}],"line":34},"6":{"loc":{"start":{"line":64,"column":19},"end":{"line":64,"column":41}},"type":"binary-expr","locations":[{"start":{"line":64,"column":19},"end":{"line":64,"column":32}},{"start":{"line":64,"column":36},"end":{"line":64,"column":41}}],"line":64},"7":{"loc":{"start":{"line":72,"column":4},"end":{"line":74,"column":5}},"type":"if","locations":[{"start":{"line":72,"column":4},"end":{"line":74,"column":5}},{"start":{},"end":{}}],"line":72}},"s":{"0":1,"1":1,"2":1,"3":1,"4":1,"5":0,"6":0,"7":0,"8":0,"9":1,"10":0,"11":0,"12":0,"13":0,"14":0,"15":0,"16":0,"17":0,"18":0,"19":0,"20":0,"21":0,"22":1,"23":0,"24":0,"25":0,"26":0,"27":0,"28":0,"29":0,"30":1,"31":0,"32":0},"f":{"0":1,"1":0,"2":0,"3":0},"b":{"0":[1,0],"1":[1,1,0,0],"2":[0,0],"3":[0,0],"4":[0,0],"5":[0,0],"6":[0,0],"7":[0,0]},"_coverageSchema":"1a1c01bbd47fc00a2c39e90264f33305004495a9","hash":"27b14a554b6164a7716c31f070c247790d218721"}
,"C:\\Users\\Nontprawitch\\Desktop\\Vs code\\Javascript\\Book_University\\server\\src\\middleware\\upload.middleware.js": {"path":"C:\\Users\\Nontprawitch\\Desktop\\Vs code\\Javascript\\Book_University\\server\\src\\middleware\\upload.middleware.js","statementMap":{"0":{"start":{"line":4,"column":16},"end":{"line":13,"column":2}},"1":{"start":{"line":6,"column":8},"end":{"line":6,"column":29}},"2":{"start":{"line":9,"column":20},"end":{"line":9,"column":51}},"3":{"start":{"line":10,"column":29},"end":{"line":10,"column":79}},"4":{"start":{"line":11,"column":8},"end":{"line":11,"column":60}},"5":{"start":{"line":15,"column":19},"end":{"line":22,"column":1}},"6":{"start":{"line":16,"column":25},"end":{"line":16,"column":65}},"7":{"start":{"line":17,"column":4},"end":{"line":21,"column":5}},"8":{"start":{"line":18,"column":8},"end":{"line":18,"column":23}},"9":{"start":{"line":20,"column":8},"end":{"line":20,"column":88}},"10":{"start":{"line":24,"column":15},"end":{"line":31,"column":2}}},"fnMap":{"0":{"name":"(anonymous_0)","decl":{"start":{"line":5,"column":17},"end":{"line":5,"column":18}},"loc":{"start":{"line":5,"column":42},"end":{"line":7,"column":5}},"line":5},"1":{"name":"(anonymous_1)","decl":{"start":{"line":8,"column":14},"end":{"line":8,"column":15}},"loc":{"start":{"line":8,"column":39},"end":{"line":12,"column":5}},"line":8},"2":{"name":"(anonymous_2)","decl":{"start":{"line":15,"column":19},"end":{"line":15,"column":20}},"loc":{"start":{"line":15,"column":38},"end":{"line":22,"column":1}},"line":15}},"branchMap":{"0":{"loc":{"start":{"line":17,"column":4},"end":{"line":21,"column":5}},"type":"if","locations":[{"start":{"line":17,"column":4},"end":{"line":21,"column":5}},{"start":{"line":19,"column":11},"end":{"line":21,"column":5}}],"line":17}},"s":{"0":3,"1":0,"2":0,"3":0,"4":0,"5":3,"6":0,"7":0,"8":0,"9":0,"10":3},"f":{"0":0,"1":0,"2":0},"b":{"0":[0,0]},"_coverageSchema":"1a1c01bbd47fc00a2c39e90264f33305004495a9","hash":"82021e28b69f5d20a1862eb8210b5b21f3ceb21b"}
,"C:\\Users\\Nontprawitch\\Desktop\\Vs code\\Javascript\\Book_University\\server\\src\\routes\\admin.route.js": {"path":"C:\\Users\\Nontprawitch\\Desktop\\Vs code\\Javascript\\Book_University\\server\\src\\routes\\admin.route.js","statementMap":{"0":{"start":{"line":4,"column":15},"end":{"line":4,"column":31}},"1":{"start":{"line":6,"column":0},"end":{"line":6,"column":59}},"2":{"start":{"line":8,"column":0},"end":{"line":8,"column":53}},"3":{"start":{"line":10,"column":0},"end":{"line":10,"column":52}},"4":{"start":{"line":12,"column":0},"end":{"line":12,"column":58}},"5":{"start":{"line":14,"column":0},"end":{"line":14,"column":55}}},"fnMap":{},"branchMap":{},"s":{"0":1,"1":1,"2":1,"3":1,"4":1,"5":1},"f":{},"b":{},"_coverageSchema":"1a1c01bbd47fc00a2c39e90264f33305004495a9","hash":"6ce2436b03fbed8dcd93feeffd56fd2d436cfedd"}
,"C:\\Users\\Nontprawitch\\Desktop\\Vs code\\Javascript\\Book_University\\server\\src\\routes\\cart.route.js": {"path":"C:\\Users\\Nontprawitch\\Desktop\\Vs code\\Javascript\\Book_University\\server\\src\\routes\\cart.route.js","statementMap":{"0":{"start":{"line":4,"column":15},"end":{"line":4,"column":31}},"1":{"start":{"line":6,"column":0},"end":{"line":6,"column":42}},"2":{"start":{"line":8,"column":0},"end":{"line":8,"column":42}},"3":{"start":{"line":10,"column":0},"end":{"line":10,"column":50}}},"fnMap":{},"branchMap":{},"s":{"0":1,"1":1,"2":1,"3":1},"f":{},"b":{},"_coverageSchema":"1a1c01bbd47fc00a2c39e90264f33305004495a9","hash":"7e85ce0135c4bde94d2995c4e1bd866b724e03c5"}
,"C:\\Users\\Nontprawitch\\Desktop\\Vs code\\Javascript\\Book_University\\server\\src\\routes\\homepage.route.js": {"path":"C:\\Users\\Nontprawitch\\Desktop\\Vs code\\Javascript\\Book_University\\server\\src\\routes\\homepage.route.js","statementMap":{"0":{"start":{"line":4,"column":15},"end":{"line":4,"column":31}},"1":{"start":{"line":6,"column":0},"end":{"line":6,"column":33}},"2":{"start":{"line":8,"column":0},"end":{"line":8,"column":40}},"3":{"start":{"line":10,"column":0},"end":{"line":10,"column":42}},"4":{"start":{"line":12,"column":0},"end":{"line":12,"column":49}},"5":{"start":{"line":14,"column":0},"end":{"line":14,"column":43}},"6":{"start":{"line":16,"column":0},"end":{"line":16,"column":55}},"7":{"start":{"line":18,"column":0},"end":{"line":18,"column":52}},"8":{"start":{"line":20,"column":0},"end":{"line":20,"column":40}},"9":{"start":{"line":22,"column":0},"end":{"line":22,"column":60}}},"fnMap":{},"branchMap":{},"s":{"0":1,"1":1,"2":1,"3":1,"4":1,"5":1,"6":1,"7":1,"8":1,"9":1},"f":{},"b":{},"_coverageSchema":"1a1c01bbd47fc00a2c39e90264f33305004495a9","hash":"c94f5e6ab5af5428adfbea5c5df3bb57d91f24d9"}
,"C:\\Users\\Nontprawitch\\Desktop\\Vs code\\Javascript\\Book_University\\server\\src\\routes\\messages.route.js": {"path":"C:\\Users\\Nontprawitch\\Desktop\\Vs code\\Javascript\\Book_University\\server\\src\\routes\\messages.route.js","statementMap":{"0":{"start":{"line":4,"column":15},"end":{"line":4,"column":31}},"1":{"start":{"line":6,"column":0},"end":{"line":6,"column":49}},"2":{"start":{"line":7,"column":0},"end":{"line":7,"column":41}},"3":{"start":{"line":8,"column":0},"end":{"line":8,"column":51}}},"fnMap":{},"branchMap":{},"s":{"0":1,"1":1,"2":1,"3":1},"f":{},"b":{},"_coverageSchema":"1a1c01bbd47fc00a2c39e90264f33305004495a9","hash":"1195a46f9521818c7ab843953cbf5c345cab5682"}
,"C:\\Users\\Nontprawitch\\Desktop\\Vs code\\Javascript\\Book_University\\server\\src\\routes\\notification.route.js": {"path":"C:\\Users\\Nontprawitch\\Desktop\\Vs code\\Javascript\\Book_University\\server\\src\\routes\\notification.route.js","statementMap":{"0":{"start":{"line":5,"column":15},"end":{"line":5,"column":31}},"1":{"start":{"line":7,"column":0},"end":{"line":7,"column":49}},"2":{"start":{"line":9,"column":0},"end":{"line":9,"column":65}}},"fnMap":{},"branchMap":{},"s":{"0":1,"1":1,"2":1},"f":{},"b":{},"_coverageSchema":"1a1c01bbd47fc00a2c39e90264f33305004495a9","hash":"5c2146d54f1e16add8467f638b9340484b24acb7"}
,"C:\\Users\\Nontprawitch\\Desktop\\Vs code\\Javascript\\Book_University\\server\\src\\routes\\payments.route.js": {"path":"C:\\Users\\Nontprawitch\\Desktop\\Vs code\\Javascript\\Book_University\\server\\src\\routes\\payments.route.js","statementMap":{"0":{"start":{"line":5,"column":15},"end":{"line":5,"column":31}},"1":{"start":{"line":7,"column":0},"end":{"line":7,"column":46}},"2":{"start":{"line":9,"column":0},"end":{"line":9,"column":59}},"3":{"start":{"line":11,"column":0},"end":{"line":11,"column":52}},"4":{"start":{"line":13,"column":0},"end":{"line":13,"column":52}}},"fnMap":{},"branchMap":{},"s":{"0":1,"1":1,"2":1,"3":1,"4":1},"f":{},"b":{},"_coverageSchema":"1a1c01bbd47fc00a2c39e90264f33305004495a9","hash":"d6167bc0d66e7ba6488b437905dff500a6ae6779"}
,"C:\\Users\\Nontprawitch\\Desktop\\Vs code\\Javascript\\Book_University\\server\\src\\routes\\product.route.js": {"path":"C:\\Users\\Nontprawitch\\Desktop\\Vs code\\Javascript\\Book_University\\server\\src\\routes\\product.route.js","statementMap":{"0":{"start":{"line":6,"column":15},"end":{"line":6,"column":31}},"1":{"start":{"line":8,"column":0},"end":{"line":8,"column":36}},"2":{"start":{"line":10,"column":0},"end":{"line":10,"column":41}},"3":{"start":{"line":12,"column":0},"end":{"line":12,"column":42}},"4":{"start":{"line":14,"column":0},"end":{"line":14,"column":41}}},"fnMap":{},"branchMap":{},"s":{"0":1,"1":1,"2":1,"3":1,"4":1},"f":{},"b":{},"_coverageSchema":"1a1c01bbd47fc00a2c39e90264f33305004495a9","hash":"b042991082a4bbf42834f0e2d917285f6668191c"}
,"C:\\Users\\Nontprawitch\\Desktop\\Vs code\\Javascript\\Book_University\\server\\src\\routes\\user.route.js": {"path":"C:\\Users\\Nontprawitch\\Desktop\\Vs code\\Javascript\\Book_University\\server\\src\\routes\\user.route.js","statementMap":{"0":{"start":{"line":4,"column":15},"end":{"line":4,"column":31}},"1":{"start":{"line":6,"column":0},"end":{"line":6,"column":31}},"2":{"start":{"line":7,"column":0},"end":{"line":7,"column":29}},"3":{"start":{"line":8,"column":0},"end":{"line":8,"column":31}},"4":{"start":{"line":9,"column":0},"end":{"line":9,"column":42}},"5":{"start":{"line":10,"column":0},"end":{"line":10,"column":41}}},"fnMap":{},"branchMap":{},"s":{"0":1,"1":1,"2":1,"3":1,"4":1,"5":1},"f":{},"b":{},"_coverageSchema":"1a1c01bbd47fc00a2c39e90264f33305004495a9","hash":"291efcf0856529da51414883084bbbfdbcfc2ba8"}
,"C:\\Users\\Nontprawitch\\Desktop\\Vs code\\Javascript\\Book_University\\server\\src\\services\\admin.service.js": {"path":"C:\\Users\\Nontprawitch\\Desktop\\Vs code\\Javascript\\Book_University\\server\\src\\services\\admin.service.js","statementMap":{"0":{"start":{"line":4,"column":35},"end":{"line":9,"column":1}},"1":{"start":{"line":5,"column":20},"end":{"line":7,"column":5}},"2":{"start":{"line":8,"column":4},"end":{"line":8,"column":17}},"3":{"start":{"line":12,"column":32},"end":{"line":21,"column":1}},"4":{"start":{"line":13,"column":28},"end":{"line":19,"column":5}},"5":{"start":{"line":20,"column":4},"end":{"line":20,"column":25}},"6":{"start":{"line":24,"column":35},"end":{"line":92,"column":1}},"7":{"start":{"line":25,"column":4},"end":{"line":27,"column":5}},"8":{"start":{"line":26,"column":8},"end":{"line":26,"column":44}},"9":{"start":{"line":29,"column":26},"end":{"line":54,"column":5}},"10":{"start":{"line":56,"column":4},"end":{"line":58,"column":5}},"11":{"start":{"line":57,"column":8},"end":{"line":57,"column":63}},"12":{"start":{"line":60,"column":28},"end":{"line":73,"column":5}},"13":{"start":{"line":75,"column":26},"end":{"line":81,"column":6}},"14":{"start":{"line":76,"column":23},"end":{"line":76,"column":86}},"15":{"start":{"line":76,"column":54},"end":{"line":76,"column":85}},"16":{"start":{"line":77,"column":8},"end":{"line":80,"column":10}},"17":{"start":{"line":83,"column":4},"end":{"line":91,"column":6}},"18":{"start":{"line":85,"column":44},"end":{"line":90,"column":9}},"19":{"start":{"line":95,"column":33},"end":{"line":125,"column":1}},"20":{"start":{"line":96,"column":32},"end":{"line":104,"column":5}},"21":{"start":{"line":106,"column":4},"end":{"line":108,"column":5}},"22":{"start":{"line":107,"column":8},"end":{"line":107,"column":70}},"23":{"start":{"line":110,"column":27},"end":{"line":113,"column":5}},"24":{"start":{"line":116,"column":4},"end":{"line":122,"column":5}},"25":{"start":{"line":117,"column":8},"end":{"line":117,"column":86}},"26":{"start":{"line":120,"column":9},"end":{"line":122,"column":5}},"27":{"start":{"line":121,"column":8},"end":{"line":121,"column":84}},"28":{"start":{"line":124,"column":4},"end":{"line":124,"column":48}},"29":{"start":{"line":128,"column":22},"end":{"line":189,"column":1}},"30":{"start":{"line":129,"column":23},"end":{"line":129,"column":70}},"31":{"start":{"line":130,"column":25},"end":{"line":130,"column":68}},"32":{"start":{"line":132,"column":25},"end":{"line":141,"column":5}},"33":{"start":{"line":143,"column":4},"end":{"line":169,"column":5}},"34":{"start":{"line":144,"column":8},"end":{"line":158,"column":10}},"35":{"start":{"line":160,"column":8},"end":{"line":163,"column":10}},"36":{"start":{"line":165,"column":8},"end":{"line":168,"column":10}},"37":{"start":{"line":171,"column":24},"end":{"line":174,"column":5}},"38":{"start":{"line":176,"column":4},"end":{"line":178,"column":5}},"39":{"start":{"line":177,"column":8},"end":{"line":177,"column":50}},"40":{"start":{"line":180,"column":20},"end":{"line":180,"column":40}},"41":{"start":{"line":182,"column":4},"end":{"line":188,"column":6}},"42":{"start":{"line":192,"column":20},"end":{"line":214,"column":1}},"43":{"start":{"line":193,"column":23},"end":{"line":193,"column":77}},"44":{"start":{"line":194,"column":25},"end":{"line":194,"column":82}},"45":{"start":{"line":196,"column":24},"end":{"line":199,"column":5}},"46":{"start":{"line":201,"column":4},"end":{"line":203,"column":5}},"47":{"start":{"line":202,"column":8},"end":{"line":202,"column":50}},"48":{"start":{"line":205,"column":20},"end":{"line":205,"column":40}},"49":{"start":{"line":207,"column":4},"end":{"line":213,"column":6}},"50":{"start":{"line":217,"column":32},"end":{"line":228,"column":1}},"51":{"start":{"line":218,"column":21},"end":{"line":221,"column":5}},"52":{"start":{"line":223,"column":4},"end":{"line":225,"column":5}},"53":{"start":{"line":224,"column":8},"end":{"line":224,"column":61}},"54":{"start":{"line":227,"column":4},"end":{"line":227,"column":22}}},"fnMap":{"0":{"name":"(anonymous_0)","decl":{"start":{"line":4,"column":35},"end":{"line":4,"column":36}},"loc":{"start":{"line":4,"column":47},"end":{"line":9,"column":1}},"line":4},"1":{"name":"(anonymous_1)","decl":{"start":{"line":12,"column":32},"end":{"line":12,"column":33}},"loc":{"start":{"line":12,"column":44},"end":{"line":21,"column":1}},"line":12},"2":{"name":"(anonymous_2)","decl":{"start":{"line":24,"column":35},"end":{"line":24,"column":36}},"loc":{"start":{"line":24,"column":60},"end":{"line":92,"column":1}},"line":24},"3":{"name":"(anonymous_3)","decl":{"start":{"line":75,"column":42},"end":{"line":75,"column":43}},"loc":{"start":{"line":75,"column":52},"end":{"line":81,"column":5}},"line":75},"4":{"name":"(anonymous_4)","decl":{"start":{"line":76,"column":42},"end":{"line":76,"column":43}},"loc":{"start":{"line":76,"column":54},"end":{"line":76,"column":85}},"line":76},"5":{"name":"(anonymous_5)","decl":{"start":{"line":85,"column":33},"end":{"line":85,"column":34}},"loc":{"start":{"line":85,"column":44},"end":{"line":90,"column":9}},"line":85},"6":{"name":"(anonymous_6)","decl":{"start":{"line":95,"column":33},"end":{"line":95,"column":34}},"loc":{"start":{"line":95,"column":103},"end":{"line":125,"column":1}},"line":95},"7":{"name":"(anonymous_7)","decl":{"start":{"line":128,"column":22},"end":{"line":128,"column":23}},"loc":{"start":{"line":128,"column":93},"end":{"line":189,"column":1}},"line":128},"8":{"name":"(anonymous_8)","decl":{"start":{"line":192,"column":20},"end":{"line":192,"column":21}},"loc":{"start":{"line":192,"column":91},"end":{"line":214,"column":1}},"line":192},"9":{"name":"(anonymous_9)","decl":{"start":{"line":217,"column":32},"end":{"line":217,"column":33}},"loc":{"start":{"line":217,"column":50},"end":{"line":228,"column":1}},"line":217}},"branchMap":{"0":{"loc":{"start":{"line":25,"column":4},"end":{"line":27,"column":5}},"type":"if","locations":[{"start":{"line":25,"column":4},"end":{"line":27,"column":5}},{"start":{},"end":{}}],"line":25},"1":{"loc":{"start":{"line":56,"column":4},"end":{"line":58,"column":5}},"type":"if","locations":[{"start":{"line":56,"column":4},"end":{"line":58,"column":5}},{"start":{},"end":{}}],"line":56},"2":{"loc":{"start":{"line":79,"column":20},"end":{"line":79,"column":34}},"type":"binary-expr","locations":[{"start":{"line":79,"column":20},"end":{"line":79,"column":26}},{"start":{"line":79,"column":30},"end":{"line":79,"column":34}}],"line":79},"3":{"loc":{"start":{"line":95,"column":63},"end":{"line":95,"column":82}},"type":"default-arg","locations":[{"start":{"line":95,"column":78},"end":{"line":95,"column":82}}],"line":95},"4":{"loc":{"start":{"line":95,"column":84},"end":{"line":95,"column":98}},"type":"default-arg","locations":[{"start":{"line":95,"column":94},"end":{"line":95,"column":98}}],"line":95},"5":{"loc":{"start":{"line":106,"column":4},"end":{"line":108,"column":5}},"type":"if","locations":[{"start":{"line":106,"column":4},"end":{"line":108,"column":5}},{"start":{},"end":{}}],"line":106},"6":{"loc":{"start":{"line":116,"column":4},"end":{"line":122,"column":5}},"type":"if","locations":[{"start":{"line":116,"column":4},"end":{"line":122,"column":5}},{"start":{"line":120,"column":9},"end":{"line":122,"column":5}}],"line":116},"7":{"loc":{"start":{"line":120,"column":9},"end":{"line":122,"column":5}},"type":"if","locations":[{"start":{"line":120,"column":9},"end":{"line":122,"column":5}},{"start":{},"end":{}}],"line":120},"8":{"loc":{"start":{"line":124,"column":11},"end":{"line":124,"column":47}},"type":"binary-expr","locations":[{"start":{"line":124,"column":11},"end":{"line":124,"column":34}},{"start":{"line":124,"column":38},"end":{"line":124,"column":47}}],"line":124},"9":{"loc":{"start":{"line":128,"column":53},"end":{"line":128,"column":72}},"type":"default-arg","locations":[{"start":{"line":128,"column":68},"end":{"line":128,"column":72}}],"line":128},"10":{"loc":{"start":{"line":128,"column":74},"end":{"line":128,"column":88}},"type":"default-arg","locations":[{"start":{"line":128,"column":84},"end":{"line":128,"column":88}}],"line":128},"11":{"loc":{"start":{"line":129,"column":23},"end":{"line":129,"column":70}},"type":"binary-expr","locations":[{"start":{"line":129,"column":23},"end":{"line":129,"column":35}},{"start":{"line":129,"column":39},"end":{"line":129,"column":70}}],"line":129},"12":{"loc":{"start":{"line":130,"column":25},"end":{"line":130,"column":68}},"type":"binary-expr","locations":[{"start":{"line":130,"column":25},"end":{"line":130,"column":32}},{"start":{"line":130,"column":36},"end":{"line":130,"column":68}}],"line":130},"13":{"loc":{"start":{"line":176,"column":4},"end":{"line":178,"column":5}},"type":"if","locations":[{"start":{"line":176,"column":4},"end":{"line":178,"column":5}},{"start":{},"end":{}}],"line":176},"14":{"loc":{"start":{"line":192,"column":51},"end":{"line":192,"column":70}},"type":"default-arg","locations":[{"start":{"line":192,"column":66},"end":{"line":192,"column":70}}],"line":192},"15":{"loc":{"start":{"line":192,"column":72},"end":{"line":192,"column":86}},"type":"default-arg","locations":[{"start":{"line":192,"column":82},"end":{"line":192,"column":86}}],"line":192},"16":{"loc":{"start":{"line":193,"column":23},"end":{"line":193,"column":77}},"type":"binary-expr","locations":[{"start":{"line":193,"column":23},"end":{"line":193,"column":35}},{"start":{"line":193,"column":39},"end":{"line":193,"column":77}}],"line":193},"17":{"loc":{"start":{"line":194,"column":25},"end":{"line":194,"column":82}},"type":"binary-expr","locations":[{"start":{"line":194,"column":25},"end":{"line":194,"column":32}},{"start":{"line":194,"column":36},"end":{"line":194,"column":82}}],"line":194},"18":{"loc":{"start":{"line":201,"column":4},"end":{"line":203,"column":5}},"type":"if","locations":[{"start":{"line":201,"column":4},"end":{"line":203,"column":5}},{"start":{},"end":{}}],"line":201},"19":{"loc":{"start":{"line":223,"column":4},"end":{"line":225,"column":5}},"type":"if","locations":[{"start":{"line":223,"column":4},"end":{"line":225,"column":5}},{"start":{},"end":{}}],"line":223}},"s":{"0":1,"1":1,"2":1,"3":1,"4":1,"5":1,"6":1,"7":1,"8":0,"9":1,"10":1,"11":1,"12":0,"13":0,"14":0,"15":0,"16":0,"17":0,"18":0,"19":1,"20":0,"21":0,"22":0,"23":0,"24":0,"25":0,"26":0,"27":0,"28":0,"29":1,"30":0,"31":0,"32":0,"33":0,"34":0,"35":0,"36":0,"37":0,"38":0,"39":0,"40":0,"41":0,"42":1,"43":0,"44":0,"45":0,"46":0,"47":0,"48":0,"49":0,"50":1,"51":0,"52":0,"53":0,"54":0},"f":{"0":1,"1":1,"2":1,"3":0,"4":0,"5":0,"6":0,"7":0,"8":0,"9":0},"b":{"0":[0,1],"1":[1,0],"2":[0,0],"3":[0],"4":[0],"5":[0,0],"6":[0,0],"7":[0,0],"8":[0,0],"9":[0],"10":[0],"11":[0,0],"12":[0,0],"13":[0,0],"14":[0],"15":[0],"16":[0,0],"17":[0,0],"18":[0,0],"19":[0,0]},"_coverageSchema":"1a1c01bbd47fc00a2c39e90264f33305004495a9","hash":"217986bc375d0fef362beaaf428c9b0dcae0fd4d"}
,"C:\\Users\\Nontprawitch\\Desktop\\Vs code\\Javascript\\Book_University\\server\\src\\services\\cart.service.js": {"path":"C:\\Users\\Nontprawitch\\Desktop\\Vs code\\Javascript\\Book_University\\server\\src\\services\\cart.service.js","statementMap":{"0":{"start":{"line":4,"column":29},"end":{"line":21,"column":1}},"1":{"start":{"line":6,"column":27},"end":{"line":9,"column":5}},"2":{"start":{"line":11,"column":4},"end":{"line":13,"column":5}},"3":{"start":{"line":12,"column":8},"end":{"line":12,"column":64}},"4":{"start":{"line":15,"column":4},"end":{"line":18,"column":6}},"5":{"start":{"line":20,"column":4},"end":{"line":20,"column":60}},"6":{"start":{"line":24,"column":28},"end":{"line":35,"column":1}},"7":{"start":{"line":25,"column":20},"end":{"line":28,"column":5}},"8":{"start":{"line":30,"column":4},"end":{"line":32,"column":5}},"9":{"start":{"line":31,"column":8},"end":{"line":31,"column":18}},"10":{"start":{"line":34,"column":4},"end":{"line":34,"column":17}},"11":{"start":{"line":38,"column":30},"end":{"line":54,"column":1}},"12":{"start":{"line":39,"column":4},"end":{"line":41,"column":5}},"13":{"start":{"line":40,"column":8},"end":{"line":40,"column":60}},"14":{"start":{"line":43,"column":25},"end":{"line":43,"column":57}},"15":{"start":{"line":43,"column":43},"end":{"line":43,"column":46}},"16":{"start":{"line":44,"column":21},"end":{"line":47,"column":5}},"17":{"start":{"line":49,"column":4},"end":{"line":51,"column":5}},"18":{"start":{"line":50,"column":8},"end":{"line":50,"column":47}},"19":{"start":{"line":53,"column":4},"end":{"line":53,"column":57}},"20":{"start":{"line":57,"column":28},"end":{"line":67,"column":1}},"21":{"start":{"line":58,"column":21},"end":{"line":64,"column":5}},"22":{"start":{"line":66,"column":4},"end":{"line":66,"column":21}},"23":{"start":{"line":70,"column":25},"end":{"line":77,"column":1}},"24":{"start":{"line":71,"column":21},"end":{"line":74,"column":5}},"25":{"start":{"line":76,"column":4},"end":{"line":76,"column":31}}},"fnMap":{"0":{"name":"(anonymous_0)","decl":{"start":{"line":4,"column":29},"end":{"line":4,"column":30}},"loc":{"start":{"line":4,"column":55},"end":{"line":21,"column":1}},"line":4},"1":{"name":"(anonymous_1)","decl":{"start":{"line":24,"column":28},"end":{"line":24,"column":29}},"loc":{"start":{"line":24,"column":46},"end":{"line":35,"column":1}},"line":24},"2":{"name":"(anonymous_2)","decl":{"start":{"line":38,"column":30},"end":{"line":38,"column":31}},"loc":{"start":{"line":38,"column":49},"end":{"line":54,"column":1}},"line":38},"3":{"name":"(anonymous_3)","decl":{"start":{"line":43,"column":37},"end":{"line":43,"column":38}},"loc":{"start":{"line":43,"column":43},"end":{"line":43,"column":46}},"line":43},"4":{"name":"(anonymous_4)","decl":{"start":{"line":57,"column":28},"end":{"line":57,"column":29}},"loc":{"start":{"line":57,"column":46},"end":{"line":67,"column":1}},"line":57},"5":{"name":"(anonymous_5)","decl":{"start":{"line":70,"column":25},"end":{"line":70,"column":26}},"loc":{"start":{"line":70,"column":43},"end":{"line":77,"column":1}},"line":70}},"branchMap":{"0":{"loc":{"start":{"line":11,"column":4},"end":{"line":13,"column":5}},"type":"if","locations":[{"start":{"line":11,"column":4},"end":{"line":13,"column":5}},{"start":{},"end":{}}],"line":11},"1":{"loc":{"start":{"line":30,"column":4},"end":{"line":32,"column":5}},"type":"if","locations":[{"start":{"line":30,"column":4},"end":{"line":32,"column":5}},{"start":{},"end":{}}],"line":30},"2":{"loc":{"start":{"line":39,"column":4},"end":{"line":41,"column":5}},"type":"if","locations":[{"start":{"line":39,"column":4},"end":{"line":41,"column":5}},{"start":{},"end":{}}],"line":39},"3":{"loc":{"start":{"line":39,"column":8},"end":{"line":39,"column":40}},"type":"binary-expr","locations":[{"start":{"line":39,"column":8},"end":{"line":39,"column":16}},{"start":{"line":39,"column":20},"end":{"line":39,"column":40}}],"line":39},"4":{"loc":{"start":{"line":49,"column":4},"end":{"line":51,"column":5}},"type":"if","locations":[{"start":{"line":49,"column":4},"end":{"line":51,"column":5}},{"start":{},"end":{}}],"line":49}},"s":{"0":1,"1":0,"2":0,"3":0,"4":0,"5":0,"6":1,"7":1,"8":1,"9":1,"10":0,"11":1,"12":0,"13":0,"14":0,"15":0,"16":0,"17":0,"18":0,"19":0,"20":1,"21":0,"22":0,"23":1,"24":0,"25":0},"f":{"0":0,"1":1,"2":0,"3":0,"4":0,"5":0},"b":{"0":[0,0],"1":[1,0],"2":[0,0],"3":[0,0],"4":[0,0]},"_coverageSchema":"1a1c01bbd47fc00a2c39e90264f33305004495a9","hash":"2fb2893a25677ea7eed40327f409446a74d966e5"}
,"C:\\Users\\Nontprawitch\\Desktop\\Vs code\\Javascript\\Book_University\\server\\src\\services\\homepage.service.js": {"path":"C:\\Users\\Nontprawitch\\Desktop\\Vs code\\Javascript\\Book_University\\server\\src\\services\\homepage.service.js","statementMap":{"0":{"start":{"line":4,"column":30},"end":{"line":9,"column":1}},"1":{"start":{"line":5,"column":31},"end":{"line":7,"column":5}},"2":{"start":{"line":8,"column":4},"end":{"line":8,"column":28}},"3":{"start":{"line":12,"column":46},"end":{"line":18,"column":1}},"4":{"start":{"line":13,"column":20},"end":{"line":16,"column":5}},"5":{"start":{"line":17,"column":4},"end":{"line":17,"column":17}},"6":{"start":{"line":21,"column":35},"end":{"line":26,"column":1}},"7":{"start":{"line":22,"column":20},"end":{"line":24,"column":5}},"8":{"start":{"line":25,"column":4},"end":{"line":25,"column":17}},"9":{"start":{"line":29,"column":30},"end":{"line":35,"column":1}},"10":{"start":{"line":30,"column":21},"end":{"line":33,"column":5}},"11":{"start":{"line":34,"column":4},"end":{"line":34,"column":21}},"12":{"start":{"line":38,"column":28},"end":{"line":44,"column":1}},"13":{"start":{"line":39,"column":20},"end":{"line":42,"column":5}},"14":{"start":{"line":43,"column":4},"end":{"line":43,"column":17}},"15":{"start":{"line":47,"column":27},"end":{"line":53,"column":1}},"16":{"start":{"line":48,"column":20},"end":{"line":51,"column":5}},"17":{"start":{"line":52,"column":4},"end":{"line":52,"column":20}},"18":{"start":{"line":56,"column":40},"end":{"line":85,"column":1}},"19":{"start":{"line":57,"column":22},"end":{"line":83,"column":5}},"20":{"start":{"line":84,"column":4},"end":{"line":84,"column":19}},"21":{"start":{"line":88,"column":40},"end":{"line":137,"column":1}},"22":{"start":{"line":89,"column":21},"end":{"line":135,"column":5}},"23":{"start":{"line":136,"column":4},"end":{"line":136,"column":18}},"24":{"start":{"line":140,"column":36},"end":{"line":146,"column":1}},"25":{"start":{"line":141,"column":21},"end":{"line":144,"column":5}},"26":{"start":{"line":145,"column":4},"end":{"line":145,"column":18}},"27":{"start":{"line":149,"column":38},"end":{"line":169,"column":1}},"28":{"start":{"line":150,"column":22},"end":{"line":167,"column":5}},"29":{"start":{"line":168,"column":4},"end":{"line":168,"column":19}}},"fnMap":{"0":{"name":"(anonymous_0)","decl":{"start":{"line":4,"column":30},"end":{"line":4,"column":31}},"loc":{"start":{"line":4,"column":42},"end":{"line":9,"column":1}},"line":4},"1":{"name":"(anonymous_1)","decl":{"start":{"line":12,"column":46},"end":{"line":12,"column":47}},"loc":{"start":{"line":12,"column":64},"end":{"line":18,"column":1}},"line":12},"2":{"name":"(anonymous_2)","decl":{"start":{"line":21,"column":35},"end":{"line":21,"column":36}},"loc":{"start":{"line":21,"column":47},"end":{"line":26,"column":1}},"line":21},"3":{"name":"(anonymous_3)","decl":{"start":{"line":29,"column":30},"end":{"line":29,"column":31}},"loc":{"start":{"line":29,"column":48},"end":{"line":35,"column":1}},"line":29},"4":{"name":"(anonymous_4)","decl":{"start":{"line":38,"column":28},"end":{"line":38,"column":29}},"loc":{"start":{"line":38,"column":46},"end":{"line":44,"column":1}},"line":38},"5":{"name":"(anonymous_5)","decl":{"start":{"line":47,"column":27},"end":{"line":47,"column":28}},"loc":{"start":{"line":47,"column":45},"end":{"line":53,"column":1}},"line":47},"6":{"name":"(anonymous_6)","decl":{"start":{"line":56,"column":40},"end":{"line":56,"column":41}},"loc":{"start":{"line":56,"column":58},"end":{"line":85,"column":1}},"line":56},"7":{"name":"(anonymous_7)","decl":{"start":{"line":88,"column":40},"end":{"line":88,"column":41}},"loc":{"start":{"line":88,"column":58},"end":{"line":137,"column":1}},"line":88},"8":{"name":"(anonymous_8)","decl":{"start":{"line":140,"column":36},"end":{"line":140,"column":37}},"loc":{"start":{"line":140,"column":59},"end":{"line":146,"column":1}},"line":140},"9":{"name":"(anonymous_9)","decl":{"start":{"line":149,"column":38},"end":{"line":149,"column":39}},"loc":{"start":{"line":149,"column":56},"end":{"line":169,"column":1}},"line":149}},"branchMap":{},"s":{"0":2,"1":1,"2":1,"3":2,"4":1,"5":1,"6":2,"7":0,"8":0,"9":2,"10":0,"11":0,"12":2,"13":0,"14":0,"15":2,"16":0,"17":0,"18":2,"19":0,"20":0,"21":2,"22":0,"23":0,"24":2,"25":0,"26":0,"27":2,"28":0,"29":0},"f":{"0":1,"1":1,"2":0,"3":0,"4":0,"5":0,"6":0,"7":0,"8":0,"9":0},"b":{},"_coverageSchema":"1a1c01bbd47fc00a2c39e90264f33305004495a9","hash":"37ab6a411bc8e33b6188fa77f7816bd7b84aae0c"}
,"C:\\Users\\Nontprawitch\\Desktop\\Vs code\\Javascript\\Book_University\\server\\src\\services\\messages.service.js": {"path":"C:\\Users\\Nontprawitch\\Desktop\\Vs code\\Javascript\\Book_University\\server\\src\\services\\messages.service.js","statementMap":{"0":{"start":{"line":4,"column":33},"end":{"line":10,"column":1}},"1":{"start":{"line":5,"column":19},"end":{"line":8,"column":5}},"2":{"start":{"line":9,"column":4},"end":{"line":9,"column":16}},"3":{"start":{"line":13,"column":27},"end":{"line":19,"column":1}},"4":{"start":{"line":14,"column":21},"end":{"line":17,"column":5}},"5":{"start":{"line":18,"column":4},"end":{"line":18,"column":27}},"6":{"start":{"line":22,"column":41},"end":{"line":34,"column":1}},"7":{"start":{"line":23,"column":19},"end":{"line":32,"column":5}},"8":{"start":{"line":33,"column":4},"end":{"line":33,"column":16}}},"fnMap":{"0":{"name":"(anonymous_0)","decl":{"start":{"line":4,"column":33},"end":{"line":4,"column":34}},"loc":{"start":{"line":4,"column":51},"end":{"line":10,"column":1}},"line":4},"1":{"name":"(anonymous_1)","decl":{"start":{"line":13,"column":27},"end":{"line":13,"column":28}},"loc":{"start":{"line":13,"column":73},"end":{"line":19,"column":1}},"line":13},"2":{"name":"(anonymous_2)","decl":{"start":{"line":22,"column":41},"end":{"line":22,"column":42}},"loc":{"start":{"line":22,"column":73},"end":{"line":34,"column":1}},"line":22}},"branchMap":{"0":{"loc":{"start":{"line":16,"column":27},"end":{"line":16,"column":40}},"type":"binary-expr","locations":[{"start":{"line":16,"column":27},"end":{"line":16,"column":34}},{"start":{"line":16,"column":38},"end":{"line":16,"column":40}}],"line":16}},"s":{"0":1,"1":1,"2":1,"3":1,"4":0,"5":0,"6":1,"7":1,"8":1},"f":{"0":1,"1":0,"2":1},"b":{"0":[0,0]},"_coverageSchema":"1a1c01bbd47fc00a2c39e90264f33305004495a9","hash":"97ca97a53184f0ac9fdb18d4de03369b5775197d"}
[...]
,"C:\\Users\\Nontprawitch\\Desktop\\Vs code\\Javascript\\Book_University\\server\\src\\services\\payments.service.js": {"path":"C:\\Users\\Nontprawitch\\Desktop\\Vs code\\Javascript\\Book_University\\server\\src\\services\\payments.service.js","statementMap":{"0":{"start":{"line":4,"column":38},"end":{"line":100,"column":1}},"1":{"start":{"line":26,"column":8},"end":{"line":26,"column":22}},"2":{"start":{"line":28,"column":4},"end":{"line":30,"column":5}},"3":{"start":{"line":29,"column":8},"end":{"line":29,"column":65}},"4":{"start":{"line":32,"column":4},"end":{"line":34,"column":5}},"5":{"start":{"line":33,"column":8},"end":{"line":33,"column":67}},"6":{"start":{"line":36,"column":21},"end":{"line":36,"column":32}},"7":{"start":{"line":37,"column":23},"end":{"line":37,"column":24}},"8":{"start":{"line":38,"column":4},"end":{"line":41,"column":5}},"9":{"start":{"line":39,"column":8},"end":{"line":39,"column":36}},"10":{"start":{"line":40,"column":8},"end":{"line":40,"column":45}},"11":{"start":{"line":43,"column":23},"end":{"line":43,"column":49}},"12":{"start":{"line":44,"column":4},"end":{"line":44,"column":40}},"13":{"start":{"line":46,"column":4},"end":{"line":99,"column":5}},"14":{"start":{"line":47,"column":24},"end":{"line":50,"column":9}},"15":{"start":{"line":52,"column":24},"end":{"line":52,"column":38}},"16":{"start":{"line":54,"column":8},"end":{"line":56,"column":9}},"17":{"start":{"line":55,"column":12},"end":{"line":55,"column":50}},"18":{"start":{"line":58,"column":8},"end":{"line":68,"column":9}},"19":{"start":{"line":59,"column":12},"end":{"line":62,"column":14}},"20":{"start":{"line":63,"column":15},"end":{"line":68,"column":9}},"21":{"start":{"line":64,"column":12},"end":{"line":67,"column":14}},"22":{"start":{"line":70,"column":8},"end":{"line":72,"column":9}},"23":{"start":{"line":71,"column":12},"end":{"line":71,"column":50}},"24":{"start":{"line":74,"column":27},"end":{"line":79,"column":10}},"25":{"start":{"line":74,"column":49},"end":{"line":79,"column":9}},"26":{"start":{"line":81,"column":8},"end":{"line":84,"column":10}},"27":{"start":{"line":86,"column":36},"end":{"line":86,"column":46}},"28":{"start":{"line":87,"column":8},"end":{"line":90,"column":10}},"29":{"start":{"line":92,"column":8},"end":{"line":92,"column":34}},"30":{"start":{"line":93,"column":8},"end":{"line":93,"column":27}},"31":{"start":{"line":95,"column":8},"end":{"line":95,"column":36}},"32":{"start":{"line":96,"column":8},"end":{"line":96,"column":20}},"33":{"start":{"line":98,"column":8},"end":{"line":98,"column":29}},"34":{"start":{"line":103,"column":33},"end":{"line":117,"column":1}},"35":{"start":{"line":104,"column":35},"end":{"line":104,"column":80}},"36":{"start":{"line":105,"column":28},"end":{"line":105,"column":59}},"37":{"start":{"line":107,"column":22},"end":{"line":110,"column":5}},"38":{"start":{"line":112,"column":4},"end":{"line":114,"column":5}},"39":{"start":{"line":113,"column":8},"end":{"line":113,"column":67}},"40":{"start":{"line":116,"column":4},"end":{"line":116,"column":53}},"41":{"start":{"line":120,"column":28},"end":{"line":135,"column":1}},"42":{"start":{"line":121,"column":4},"end":{"line":123,"column":5}},"43":{"start":{"line":122,"column":8},"end":{"line":122,"column":48}},"44":{"start":{"line":125,"column":24},"end":{"line":128,"column":5}},"45":{"start":{"line":130,"column":4},"end":{"line":132,"column":5}},"46":{"start":{"line":131,"column":8},"end":{"line":131,"column":43}},"47":{"start":{"line":134,"column":4},"end":{"line":134,"column":36}},"48":{"start":{"line":138,"column":34},"end":{"line":168,"column":1}},"49":{"start":{"line":139,"column":38},"end":{"line":142,"column":5}},"50":{"start":{"line":144,"column":20},"end":{"line":144,"column":56}},"51":{"start":{"line":145,"column":4},"end":{"line":147,"column":5}},"52":{"start":{"line":146,"column":8},"end":{"line":146,"column":59}},"53":{"start":{"line":149,"column":28},"end":{"line":149,"column":59}},"54":{"start":{"line":151,"column":21},"end":{"line":160,"column":5}},"55":{"start":{"line":162,"column":4},"end":{"line":165,"column":6}},"56":{"start":{"line":167,"column":4},"end":{"line":167,"column":18}}},"fnMap":{"0":{"name":"(anonymous_0)","decl":{"start":{"line":4,"column":38},"end":{"line":4,"column":39}},"loc":{"start":{"line":4,"column":64},"end":{"line":100,"column":1}},"line":4},"1":{"name":"(anonymous_1)","decl":{"start":{"line":74,"column":41},"end":{"line":74,"column":42}},"loc":{"start":{"line":74,"column":49},"end":{"line":79,"column":9}},"line":74},"2":{"name":"(anonymous_2)","decl":{"start":{"line":103,"column":33},"end":{"line":103,"column":34}},"loc":{"start":{"line":103,"column":88},"end":{"line":117,"column":1}},"line":103},"3":{"name":"(anonymous_3)","decl":{"start":{"line":120,"column":28},"end":{"line":120,"column":29}},"loc":{"start":{"line":120,"column":47},"end":{"line":135,"column":1}},"line":120},"4":{"name":"(anonymous_4)","decl":{"start":{"line":138,"column":34},"end":{"line":138,"column":35}},"loc":{"start":{"line":138,"column":96},"end":{"line":168,"column":1}},"line":138}},"branchMap":{"0":{"loc":{"start":{"line":23,"column":8},"end":{"line":23,"column":23}},"type":"default-arg","locations":[{"start":{"line":23,"column":22},"end":{"line":23,"column":23}}],"line":23},"1":{"loc":{"start":{"line":28,"column":4},"end":{"line":30,"column":5}},"type":"if","locations":[{"start":{"line":28,"column":4},"end":{"line":30,"column":5}},{"start":{},"end":{}}],"line":28},"2":{"loc":{"start":{"line":32,"column":4},"end":{"line":34,"column":5}},"type":"if","locations":[{"start":{"line":32,"column":4},"end":{"line":34,"column":5}},{"start":{},"end":{}}],"line":32},"3":{"loc":{"start":{"line":38,"column":4},"end":{"line":41,"column":5}},"type":"if","locations":[{"start":{"line":38,"column":4},"end":{"line":41,"column":5}},{"start":{},"end":{}}],"line":38},"4":{"loc":{"start":{"line":49,"column":21},"end":{"line":49,"column":47}},"type":"binary-expr","locations":[{"start":{"line":49,"column":21},"end":{"line":49,"column":33}},{"start":{"line":49,"column":37},"end":{"line":49,"column":47}}],"line":49},"5":{"loc":{"start":{"line":54,"column":8},"end":{"line":56,"column":9}},"type":"if","locations":[{"start":{"line":54,"column":8},"end":{"line":56,"column":9}},{"start":{},"end":{}}],"line":54},"6":{"loc":{"start":{"line":58,"column":8},"end":{"line":68,"column":9}},"type":"if","locations":[{"start":{"line":58,"column":8},"end":{"line":68,"column":9}},{"start":{"line":63,"column":15},"end":{"line":68,"column":9}}],"line":58},"7":{"loc":{"start":{"line":63,"column":15},"end":{"line":68,"column":9}},"type":"if","locations":[{"start":{"line":63,"column":15},"end":{"line":68,"column":9}},{"start":{},"end":{}}],"line":63},"8":{"loc":{"start":{"line":70,"column":8},"end":{"line":72,"column":9}},"type":"if","locations":[{"start":{"line":70,"column":8},"end":{"line":72,"column":9}},{"start":{},"end":{}}],"line":70},"9":{"loc":{"start":{"line":70,"column":12},"end":{"line":70,"column":63}},"type":"binary-expr","locations":[{"start":{"line":70,"column":12},"end":{"line":70,"column":37}},{"start":{"line":70,"column":41},"end":{"line":70,"column":63}}],"line":70},"10":{"loc":{"start":{"line":77,"column":12},"end":{"line":77,"column":30}},"type":"binary-expr","locations":[{"start":{"line":77,"column":12},"end":{"line":77,"column":25}},{"start":{"line":77,"column":29},"end":{"line":77,"column":30}}],"line":77},"11":{"loc":{"start":{"line":112,"column":4},"end":{"line":114,"column":5}},"type":"if","locations":[{"start":{"line":112,"column":4},"end":{"line":114,"column":5}},{"start":{},"end":{}}],"line":112},"12":{"loc":{"start":{"line":121,"column":4},"end":{"line":123,"column":5}},"type":"if","locations":[{"start":{"line":121,"column":4},"end":{"line":123,"column":5}},{"start":{},"end":{}}],"line":121},"13":{"loc":{"start":{"line":130,"column":4},"end":{"line":132,"column":5}},"type":"if","locations":[{"start":{"line":130,"column":4},"end":{"line":132,"column":5}},{"start":{},"end":{}}],"line":130},"14":{"loc":{"start":{"line":145,"column":4},"end":{"line":147,"column":5}},"type":"if","locations":[{"start":{"line":145,"column":4},"end":{"line":147,"column":5}},{"start":{},"end":{}}],"line":145}},"s":{"0":1,"1":0,"2":0,"3":0,"4":0,"5":0,"6":0,"7":0,"8":0,"9":0,"10":0,"11":0,"12":0,"13":0,"14":0,"15":0,"16":0,"17":0,"18":0,"19":0,"20":0,"21":0,"22":0,"23":0,"24":0,"25":0,"26":0,"27":0,"28":0,"29":0,"30":0,"31":0,"32":0,"33":0,"34":1,"35":0,"36":0,"37":0,"38":0,"39":0,"40":0,"41":1,"42":1,"43":0,"44":1,"45":1,"46":1,"47":0,"48":1,"49":0,"50":0,"51":0,"52":0,"53":0,"54":0,"55":0,"56":0},"f":{"0":0,"1":0,"2":0,"3":1,"4":0},"b":{"0":[0],"1":[0,0],"2":[0,0],"3":[0,0],"4":[0,0],"5":[0,0],"6":[0,0],"7":[0,0],"8":[0,0],"9":[0,0],"10":[0,0],"11":[0,0],"12":[0,1],"13":[1,0],"14":[0,0]},"_coverageSchema":"1a1c01bbd47fc00a2c39e90264f33305004495a9","hash":"27e3c4c90c28624d9ccd7487f45851867db5ab53"}
,"C:\\Users\\Nontprawitch\\Desktop\\Vs code\\Javascript\\Book_University\\server\\src\\services\\product.service.js": {"path":"C:\\Users\\Nontprawitch\\Desktop\\Vs code\\Javascript\\Book_University\\server\\src\\services\\product.service.js","statementMap":{"0":{"start":{"line":4,"column":36},"end":{"line":15,"column":1}},"1":{"start":{"line":5,"column":20},"end":{"line":8,"column":5}},"2":{"start":{"line":10,"column":4},"end":{"line":12,"column":5}},"3":{"start":{"line":11,"column":8},"end":{"line":11,"column":43}},"4":{"start":{"line":14,"column":4},"end":{"line":14,"column":17}},"5":{"start":{"line":18,"column":26},"end":{"line":52,"column":1}},"6":{"start":{"line":28,"column":8},"end":{"line":28,"column":16}},"7":{"start":{"line":31,"column":4},"end":{"line":33,"column":5}},"8":{"start":{"line":32,"column":8},"end":{"line":32,"column":51}},"9":{"start":{"line":35,"column":25},"end":{"line":35,"column":57}},"10":{"start":{"line":37,"column":21},"end":{"line":40,"column":5}},"11":{"start":{"line":42,"column":4},"end":{"line":51,"column":6}},"12":{"start":{"line":55,"column":27},"end":{"line":66,"column":1}},"13":{"start":{"line":56,"column":20},"end":{"line":59,"column":5}},"14":{"start":{"line":61,"column":4},"end":{"line":63,"column":5}},"15":{"start":{"line":62,"column":8},"end":{"line":62,"column":42}},"16":{"start":{"line":65,"column":4},"end":{"line":65,"column":20}},"17":{"start":{"line":69,"column":26},"end":{"line":84,"column":1}},"18":{"start":{"line":70,"column":79},"end":{"line":70,"column":87}},"19":{"start":{"line":72,"column":25},"end":{"line":72,"column":57}},"20":{"start":{"line":74,"column":21},"end":{"line":77,"column":5}},"21":{"start":{"line":79,"column":4},"end":{"line":81,"column":5}},"22":{"start":{"line":80,"column":8},"end":{"line":80,"column":59}},"23":{"start":{"line":83,"column":4},"end":{"line":83,"column":39}},"24":{"start":{"line":87,"column":26},"end":{"line":98,"column":1}},"25":{"start":{"line":88,"column":21},"end":{"line":91,"column":5}},"26":{"start":{"line":93,"column":4},"end":{"line":95,"column":5}},"27":{"start":{"line":94,"column":8},"end":{"line":94,"column":42}},"28":{"start":{"line":97,"column":4},"end":{"line":97,"column":22}},"29":{"start":{"line":101,"column":27},"end":{"line":108,"column":1}},"30":{"start":{"line":102,"column":20},"end":{"line":105,"column":5}},"31":{"start":{"line":107,"column":4},"end":{"line":107,"column":17}}},"fnMap":{"0":{"name":"(anonymous_0)","decl":{"start":{"line":4,"column":36},"end":{"line":4,"column":37}},"loc":{"start":{"line":4,"column":54},"end":{"line":15,"column":1}},"line":4},"1":{"name":"(anonymous_1)","decl":{"start":{"line":18,"column":26},"end":{"line":18,"column":27}},"loc":{"start":{"line":18,"column":46},"end":{"line":52,"column":1}},"line":18},"2":{"name":"(anonymous_2)","decl":{"start":{"line":55,"column":27},"end":{"line":55,"column":28}},"loc":{"start":{"line":55,"column":45},"end":{"line":66,"column":1}},"line":55},"3":{"name":"(anonymous_3)","decl":{"start":{"line":69,"column":26},"end":{"line":69,"column":27}},"loc":{"start":{"line":69,"column":54},"end":{"line":84,"column":1}},"line":69},"4":{"name":"(anonymous_4)","decl":{"start":{"line":87,"column":26},"end":{"line":87,"column":27}},"loc":{"start":{"line":87,"column":44},"end":{"line":98,"column":1}},"line":87},"5":{"name":"(anonymous_5)","decl":{"start":{"line":101,"column":27},"end":{"line":101,"column":28}},"loc":{"start":{"line":101,"column":54},"end":{"line":108,"column":1}},"line":101}},"branchMap":{"0":{"loc":{"start":{"line":10,"column":4},"end":{"line":12,"column":5}},"type":"if","locations":[{"start":{"line":10,"column":4},"end":{"line":12,"column":5}},{"start":{},"end":{}}],"line":10},"1":{"loc":{"start":{"line":31,"column":4},"end":{"line":33,"column":5}},"type":"if","locations":[{"start":{"line":31,"column":4},"end":{"line":33,"column":5}},{"start":{},"end":{}}],"line":31},"2":{"loc":{"start":{"line":31,"column":8},"end":{"line":31,"column":42}},"type":"binary-expr","locations":[{"start":{"line":31,"column":8},"end":{"line":31,"column":18}},{"start":{"line":31,"column":22},"end":{"line":31,"column":28}},{"start":{"line":31,"column":32},"end":{"line":31,"column":42}}],"line":31},"3":{"loc":{"start":{"line":35,"column":25},"end":{"line":35,"column":57}},"type":"cond-expr","locations":[{"start":{"line":35,"column":45},"end":{"line":35,"column":50}},{"start":{"line":35,"column":53},"end":{"line":35,"column":57}}],"line":35},"4":{"loc":{"start":{"line":39,"column":27},"end":{"line":39,"column":44}},"type":"binary-expr","locations":[{"start":{"line":39,"column":27},"end":{"line":39,"column":38}},{"start":{"line":39,"column":42},"end":{"line":39,"column":44}}],"line":39},"5":{"loc":{"start":{"line":39,"column":60},"end":{"line":39,"column":79}},"type":"binary-expr","locations":[{"start":{"line":39,"column":60},"end":{"line":39,"column":71}},{"start":{"line":39,"column":75},"end":{"line":39,"column":79}}],"line":39},"6":{"loc":{"start":{"line":39,"column":81},"end":{"line":39,"column":96}},"type":"binary-expr","locations":[{"start":{"line":39,"column":81},"end":{"line":39,"column":88}},{"start":{"line":39,"column":92},"end":{"line":39,"column":96}}],"line":39},"7":{"loc":{"start":{"line":49,"column":17},"end":{"line":49,"column":30}},"type":"binary-expr","locations":[{"start":{"line":49,"column":17},"end":{"line":49,"column":24}},{"start":{"line":49,"column":28},"end":{"line":49,"column":30}}],"line":49},"8":{"loc":{"start":{"line":61,"column":4},"end":{"line":63,"column":5}},"type":"if","locations":[{"start":{"line":61,"column":4},"end":{"line":63,"column":5}},{"start":{},"end":{}}],"line":61},"9":{"loc":{"start":{"line":72,"column":25},"end":{"line":72,"column":57}},"type":"cond-expr","locations":[{"start":{"line":72,"column":45},"end":{"line":72,"column":50}},{"start":{"line":72,"column":53},"end":{"line":72,"column":57}}],"line":72},"10":{"loc":{"start":{"line":76,"column":27},"end":{"line":76,"column":44}},"type":"binary-expr","locations":[{"start":{"line":76,"column":27},"end":{"line":76,"column":38}},{"start":{"line":76,"column":42},"end":{"line":76,"column":44}}],"line":76},"11":{"loc":{"start":{"line":76,"column":60},"end":{"line":76,"column":79}},"type":"binary-expr","locations":[{"start":{"line":76,"column":60},"end":{"line":76,"column":71}},{"start":{"line":76,"column":75},"end":{"line":76,"column":79}}],"line":76},"12":{"loc":{"start":{"line":79,"column":4},"end":{"line":81,"column":5}},"type":"if","locations":[{"start":{"line":79,"column":4},"end":{"line":81,"column":5}},{"start":{},"end":{}}],"line":79},"13":{"loc":{"start":{"line":93,"column":4},"end":{"line":95,"column":5}},"type":"if","locations":[{"start":{"line":93,"column":4},"end":{"line":95,"column":5}},{"start":{},"end":{}}],"line":93}},"s":{"0":1,"1":0,"2":0,"3":0,"4":0,"5":1,"6":0,"7":0,"8":0,"9":0,"10":0,"11":0,"12":1,"13":0,"14":0,"15":0,"16":0,"17":1,"18":0,"19":0,"20":0,"21":0,"22":0,"23":0,"24":1,"25":0,"26":0,"27":0,"28":0,"29":1,"30":0,"31":0},"f":{"0":0,"1":0,"2":0,"3":0,"4":0,"5":0},"b":{"0":[0,0],"1":[0,0],"2":[0,0,0],"3":[0,0],"4":[0,0],"5":[0,0],"6":[0,0],"7":[0,0],"8":[0,0],"9":[0,0],"10":[0,0],"11":[0,0],"12":[0,0],"13":[0,0]},"_coverageSchema":"1a1c01bbd47fc00a2c39e90264f33305004495a9","hash":"3a849190d809237e8c3bd935905f3c0730dfc0d0"}
,"C:\\Users\\Nontprawitch\\Desktop\\Vs code\\Javascript\\Book_University\\server\\src\\services\\user.service.js": {"path":"C:\\Users\\Nontprawitch\\Desktop\\Vs code\\Javascript\\Book_University\\server\\src\\services\\user.service.js","statementMap":{"0":{"start":{"line":5,"column":28},"end":{"line":33,"column":1}},"1":{"start":{"line":7,"column":27},"end":{"line":10,"column":5}},"2":{"start":{"line":12,"column":4},"end":{"line":14,"column":5}},"3":{"start":{"line":13,"column":8},"end":{"line":13,"column":63}},"4":{"start":{"line":17,"column":17},"end":{"line":17,"column":43}},"5":{"start":{"line":18,"column":27},"end":{"line":18,"column":62}},"6":{"start":{"line":21,"column":21},"end":{"line":24,"column":5}},"7":{"start":{"line":27,"column":22},"end":{"line":30,"column":5}},"8":{"start":{"line":32,"column":4},"end":{"line":32,"column":22}},"9":{"start":{"line":36,"column":32},"end":{"line":62,"column":1}},"10":{"start":{"line":38,"column":19},"end":{"line":41,"column":5}},"11":{"start":{"line":43,"column":17},"end":{"line":43,"column":24}},"12":{"start":{"line":45,"column":4},"end":{"line":47,"column":5}},"13":{"start":{"line":46,"column":8},"end":{"line":46,"column":55}},"14":{"start":{"line":50,"column":28},"end":{"line":50,"column":75}},"15":{"start":{"line":52,"column":4},"end":{"line":54,"column":5}},"16":{"start":{"line":53,"column":8},"end":{"line":53,"column":46}},"17":{"start":{"line":56,"column":4},"end":{"line":61,"column":6}},"18":{"start":{"line":65,"column":27},"end":{"line":69,"column":1}},"19":{"start":{"line":66,"column":16},"end":{"line":66,"column":39}},"20":{"start":{"line":67,"column":20},"end":{"line":67,"column":48}},"21":{"start":{"line":68,"column":4},"end":{"line":68,"column":19}}},"fnMap":{"0":{"name":"(anonymous_0)","decl":{"start":{"line":5,"column":28},"end":{"line":5,"column":29}},"loc":{"start":{"line":5,"column":76},"end":{"line":33,"column":1}},"line":5},"1":{"name":"(anonymous_1)","decl":{"start":{"line":36,"column":32},"end":{"line":36,"column":33}},"loc":{"start":{"line":36,"column":70},"end":{"line":62,"column":1}},"line":36},"2":{"name":"(anonymous_2)","decl":{"start":{"line":65,"column":27},"end":{"line":65,"column":28}},"loc":{"start":{"line":65,"column":55},"end":{"line":69,"column":1}},"line":65}},"branchMap":{"0":{"loc":{"start":{"line":12,"column":4},"end":{"line":14,"column":5}},"type":"if","locations":[{"start":{"line":12,"column":4},"end":{"line":14,"column":5}},{"start":{},"end":{}}],"line":12},"1":{"loc":{"start":{"line":40,"column":9},"end":{"line":40,"column":26}},"type":"binary-expr","locations":[{"start":{"line":40,"column":9},"end":{"line":40,"column":18}},{"start":{"line":40,"column":22},"end":{"line":40,"column":26}}],"line":40},"2":{"loc":{"start":{"line":40,"column":28},"end":{"line":40,"column":41}},"type":"binary-expr","locations":[{"start":{"line":40,"column":28},"end":{"line":40,"column":33}},{"start":{"line":40,"column":37},"end":{"line":40,"column":41}}],"line":40},"3":{"loc":{"start":{"line":45,"column":4},"end":{"line":47,"column":5}},"type":"if","locations":[{"start":{"line":45,"column":4},"end":{"line":47,"column":5}},{"start":{},"end":{}}],"line":45},"4":{"loc":{"start":{"line":52,"column":4},"end":{"line":54,"column":5}},"type":"if","locations":[{"start":{"line":52,"column":4},"end":{"line":54,"column":5}},{"start":{},"end":{}}],"line":52}},"s":{"0":1,"1":0,"2":0,"3":0,"4":0,"5":0,"6":0,"7":0,"8":0,"9":1,"10":0,"11":0,"12":0,"13":0,"14":0,"15":0,"16":0,"17":0,"18":1,"19":0,"20":0,"21":0},"f":{"0":0,"1":0,"2":0},"b":{"0":[0,0],"1":[0,0],"2":[0,0],"3":[0,0],"4":[0,0]},"_coverageSchema":"1a1c01bbd47fc00a2c39e90264f33305004495a9","hash":"e6e0d925465fdb2e6e14c6d84f3ad32bbd1fda3b"}
}
